Current branch master is up to date.
yarn install v1.3.2
[1/4] Resolving packages...
success Already up-to-date.
Done in 0.72s.
yarn link v1.3.2
success Using linked module for "react-native-filesystem-v1".
Done in 0.08s.

> GreatScoutt@0.3.2 build:android /root/great-scoutt
> cd android && ./gradlew assembleDebug && npm run build:android:rename

Incremental java compilation is an incubating feature.
:app:preBuild UP-TO-DATE
:app:preDebugBuild UP-TO-DATE
:app:checkDebugManifest
:app:preReleaseBuild UP-TO-DATE
:react-native-filesystem-v1:preBuild UP-TO-DATE
:react-native-filesystem-v1:preReleaseBuild UP-TO-DATE
:react-native-filesystem-v1:checkReleaseManifest
:react-native-filesystem-v1:preDebugAndroidTestBuild UP-TO-DATE
:react-native-filesystem-v1:preDebugBuild UP-TO-DATE
:react-native-filesystem-v1:preDebugUnitTestBuild UP-TO-DATE
:react-native-filesystem-v1:preReleaseUnitTestBuild UP-TO-DATE
:react-native-filesystem-v1:prepareComAndroidSupportAppcompatV72301Library UP-TO-DATE
:react-native-filesystem-v1:prepareComAndroidSupportSupportV42301Library UP-TO-DATE
:react-native-filesystem-v1:prepareComFacebookFbuiTextlayoutbuilderTextlayoutbuilder100Library UP-TO-DATE
:react-native-filesystem-v1:prepareComFacebookFrescoDrawee130Library UP-TO-DATE
:react-native-filesystem-v1:prepareComFacebookFrescoFbcore130Library UP-TO-DATE
:react-native-filesystem-v1:prepareComFacebookFrescoFresco130Library UP-TO-DATE
:react-native-filesystem-v1:prepareComFacebookFrescoImagepipeline130Library UP-TO-DATE
:react-native-filesystem-v1:prepareComFacebookFrescoImagepipelineBase130Library UP-TO-DATE
:react-native-filesystem-v1:prepareComFacebookFrescoImagepipelineOkhttp3130Library UP-TO-DATE
:react-native-filesystem-v1:prepareComFacebookReactReactNative0504Library UP-TO-DATE
:react-native-filesystem-v1:prepareComFacebookSoloaderSoloader010Library UP-TO-DATE
:react-native-filesystem-v1:prepareOrgWebkitAndroidJscR174650Library UP-TO-DATE
:react-native-filesystem-v1:prepareReleaseDependencies
:react-native-filesystem-v1:compileReleaseAidl UP-TO-DATE
:react-native-filesystem-v1:compileReleaseNdk UP-TO-DATE
:react-native-filesystem-v1:compileLint UP-TO-DATE
:react-native-filesystem-v1:copyReleaseLint UP-TO-DATE
:react-native-filesystem-v1:compileReleaseRenderscript UP-TO-DATE
:react-native-filesystem-v1:generateReleaseBuildConfig UP-TO-DATE
:react-native-filesystem-v1:generateReleaseResValues UP-TO-DATE
:react-native-filesystem-v1:generateReleaseResources UP-TO-DATE
:react-native-filesystem-v1:mergeReleaseResources UP-TO-DATE
:react-native-filesystem-v1:processReleaseManifest UP-TO-DATE
:react-native-filesystem-v1:processReleaseResources UP-TO-DATE
:react-native-filesystem-v1:generateReleaseSources UP-TO-DATE
:react-native-filesystem-v1:incrementalReleaseJavaCompilationSafeguard UP-TO-DATE
:react-native-filesystem-v1:compileReleaseJavaWithJavac UP-TO-DATE
:react-native-filesystem-v1:extractReleaseAnnotations UP-TO-DATE
:react-native-filesystem-v1:mergeReleaseShaders UP-TO-DATE
:react-native-filesystem-v1:compileReleaseShaders UP-TO-DATE
:react-native-filesystem-v1:generateReleaseAssets UP-TO-DATE
:react-native-filesystem-v1:mergeReleaseAssets UP-TO-DATE
:react-native-filesystem-v1:mergeReleaseProguardFiles UP-TO-DATE
:react-native-filesystem-v1:packageReleaseRenderscript UP-TO-DATE
:react-native-filesystem-v1:packageReleaseResources UP-TO-DATE
:react-native-filesystem-v1:processReleaseJavaRes UP-TO-DATE
:react-native-filesystem-v1:transformResourcesWithMergeJavaResForRelease UP-TO-DATE
:react-native-filesystem-v1:transformClassesAndResourcesWithSyncLibJarsForRelease UP-TO-DATE
:react-native-filesystem-v1:mergeReleaseJniLibFolders UP-TO-DATE
:react-native-filesystem-v1:transformNative_libsWithMergeJniLibsForRelease UP-TO-DATE
:react-native-filesystem-v1:transformNative_libsWithSyncJniLibsForRelease UP-TO-DATE
:react-native-filesystem-v1:bundleRelease UP-TO-DATE
:app:prepareComAndroidSupportAppcompatV72301Library UP-TO-DATE
:app:prepareComAndroidSupportSupportV42301Library UP-TO-DATE
:app:prepareComFacebookFbuiTextlayoutbuilderTextlayoutbuilder100Library UP-TO-DATE
:app:prepareComFacebookFrescoDrawee130Library UP-TO-DATE
:app:prepareComFacebookFrescoFbcore130Library UP-TO-DATE
:app:prepareComFacebookFrescoFresco130Library UP-TO-DATE
:app:prepareComFacebookFrescoImagepipeline130Library UP-TO-DATE
:app:prepareComFacebookFrescoImagepipelineBase130Library UP-TO-DATE
:app:prepareComFacebookFrescoImagepipelineOkhttp3130Library UP-TO-DATE
:app:prepareComFacebookReactReactNative0504Library UP-TO-DATE
:app:prepareComFacebookSoloaderSoloader010Library UP-TO-DATE
:app:prepareGreatScouttReactNativeFilesystemV1UnspecifiedLibrary UP-TO-DATE
:app:prepareOrgWebkitAndroidJscR174650Library UP-TO-DATE
:app:prepareDebugDependencies
:app:compileDebugAidl UP-TO-DATE
:app:compileDebugRenderscript UP-TO-DATE
:app:generateDebugBuildConfig UP-TO-DATE
:app:mergeDebugShaders UP-TO-DATE
:app:compileDebugShaders UP-TO-DATE
:app:generateDebugAssets UP-TO-DATE
:app:mergeDebugAssets UP-TO-DATE
:app:generateDebugResValues UP-TO-DATE
:app:generateDebugResources UP-TO-DATE
:app:mergeDebugResources UP-TO-DATE
:app:bundleDebugJsAndAssets
Scanning folders for symlinks in /root/great-scoutt/node_modules (6ms)
Scanning folders for symlinks in /root/great-scoutt/node_modules (5ms)
Loading dependency graph, done.
warning: the transform cache was reset.
bundle: start
bundle: finish
bundle: Writing bundle output to: /root/great-scoutt/android/app/build/intermediates/assets/debug/index.android.bundle
bundle: Copying 5 asset files
bundle: Done writing bundle output
bundle: Done copying assets
:app:processDebugManifest UP-TO-DATE
:app:processDebugResources UP-TO-DATE
:app:generateDebugSources UP-TO-DATE
:app:incrementalDebugJavaCompilationSafeguard UP-TO-DATE
:app:compileDebugJavaWithJavac UP-TO-DATE
:app:compileDebugNdk UP-TO-DATE
:app:compileDebugSources UP-TO-DATE
:app:transformClassesWithDexForDebug UP-TO-DATE
:app:mergeDebugJniLibFolders UP-TO-DATE
:app:transformNative_libsWithMergeJniLibsForDebug UP-TO-DATE
:app:processDebugJavaRes UP-TO-DATE
:app:transformResourcesWithMergeJavaResForDebug UP-TO-DATE
:app:validateSigningDebug
:app:packageDebug
:app:assembleDebug
:react-native-filesystem-v1:checkDebugManifest
:react-native-filesystem-v1:prepareDebugDependencies
:react-native-filesystem-v1:compileDebugAidl UP-TO-DATE
:react-native-filesystem-v1:compileDebugNdk UP-TO-DATE
:react-native-filesystem-v1:copyDebugLint UP-TO-DATE
:react-native-filesystem-v1:compileDebugRenderscript UP-TO-DATE
:react-native-filesystem-v1:generateDebugBuildConfig UP-TO-DATE
:react-native-filesystem-v1:generateDebugResValues UP-TO-DATE
:react-native-filesystem-v1:generateDebugResources UP-TO-DATE
:react-native-filesystem-v1:mergeDebugResources UP-TO-DATE
:react-native-filesystem-v1:processDebugManifest UP-TO-DATE
:react-native-filesystem-v1:processDebugResources UP-TO-DATE
:react-native-filesystem-v1:generateDebugSources UP-TO-DATE
:react-native-filesystem-v1:incrementalDebugJavaCompilationSafeguard UP-TO-DATE
:react-native-filesystem-v1:compileDebugJavaWithJavac UP-TO-DATE
:react-native-filesystem-v1:extractDebugAnnotations UP-TO-DATE
:react-native-filesystem-v1:mergeDebugShaders UP-TO-DATE
:react-native-filesystem-v1:compileDebugShaders UP-TO-DATE
:react-native-filesystem-v1:generateDebugAssets UP-TO-DATE
:react-native-filesystem-v1:mergeDebugAssets UP-TO-DATE
:react-native-filesystem-v1:mergeDebugProguardFiles UP-TO-DATE
:react-native-filesystem-v1:packageDebugRenderscript UP-TO-DATE
:react-native-filesystem-v1:packageDebugResources UP-TO-DATE
:react-native-filesystem-v1:processDebugJavaRes UP-TO-DATE
:react-native-filesystem-v1:transformResourcesWithMergeJavaResForDebug UP-TO-DATE
:react-native-filesystem-v1:transformClassesAndResourcesWithSyncLibJarsForDebug UP-TO-DATE
:react-native-filesystem-v1:mergeDebugJniLibFolders UP-TO-DATE
:react-native-filesystem-v1:transformNative_libsWithMergeJniLibsForDebug UP-TO-DATE
:react-native-filesystem-v1:transformNative_libsWithSyncJniLibsForDebug UP-TO-DATE
:react-native-filesystem-v1:bundleDebug UP-TO-DATE
:react-native-filesystem-v1:compileDebugSources UP-TO-DATE
:react-native-filesystem-v1:assembleDebug UP-TO-DATE

BUILD SUCCESSFUL

Total time: 42.726 secs

This build could be faster, please consider using the Gradle Daemon: https://docs.gradle.org/2.14.1/userguide/gradle_daemon.html

> GreatScoutt@0.3.2 build:android:rename /root/great-scoutt
> rm -rf build/ && mkdir build && cd build && mkdir android && cd .. && mv android/app/build/outputs/apk/app-debug.apk build/android/great-scoutt.apk

Current branch master is up to date.
yarn install v1.3.2
[1/4] Resolving packages...
success Already up-to-date.
Done in 0.72s.
yarn link v1.3.2
success Using linked module for "react-native-filesystem-v1".
Done in 0.08s.

> GreatScoutt@0.3.2 build:android /root/great-scoutt
> cd android && ./gradlew assembleDebug && npm run build:android:rename

Incremental java compilation is an incubating feature.
:app:preBuild UP-TO-DATE
:app:preDebugBuild UP-TO-DATE
:app:checkDebugManifest
:app:preReleaseBuild UP-TO-DATE
:react-native-filesystem-v1:preBuild UP-TO-DATE
:react-native-filesystem-v1:preReleaseBuild UP-TO-DATE
:react-native-filesystem-v1:checkReleaseManifest
:react-native-filesystem-v1:preDebugAndroidTestBuild UP-TO-DATE
:react-native-filesystem-v1:preDebugBuild UP-TO-DATE
:react-native-filesystem-v1:preDebugUnitTestBuild UP-TO-DATE
:react-native-filesystem-v1:preReleaseUnitTestBuild UP-TO-DATE
:react-native-filesystem-v1:prepareComAndroidSupportAppcompatV72301Library UP-TO-DATE
:react-native-filesystem-v1:prepareComAndroidSupportSupportV42301Library UP-TO-DATE
:react-native-filesystem-v1:prepareComFacebookFbuiTextlayoutbuilderTextlayoutbuilder100Library UP-TO-DATE
:react-native-filesystem-v1:prepareComFacebookFrescoDrawee130Library UP-TO-DATE
:react-native-filesystem-v1:prepareComFacebookFrescoFbcore130Library UP-TO-DATE
:react-native-filesystem-v1:prepareComFacebookFrescoFresco130Library UP-TO-DATE
:react-native-filesystem-v1:prepareComFacebookFrescoImagepipeline130Library UP-TO-DATE
:react-native-filesystem-v1:prepareComFacebookFrescoImagepipelineBase130Library UP-TO-DATE
:react-native-filesystem-v1:prepareComFacebookFrescoImagepipelineOkhttp3130Library UP-TO-DATE
:react-native-filesystem-v1:prepareComFacebookReactReactNative0504Library UP-TO-DATE
:react-native-filesystem-v1:prepareComFacebookSoloaderSoloader010Library UP-TO-DATE
:react-native-filesystem-v1:prepareOrgWebkitAndroidJscR174650Library UP-TO-DATE
:react-native-filesystem-v1:prepareReleaseDependencies
:react-native-filesystem-v1:compileReleaseAidl UP-TO-DATE
:react-native-filesystem-v1:compileReleaseNdk UP-TO-DATE
:react-native-filesystem-v1:compileLint UP-TO-DATE
:react-native-filesystem-v1:copyReleaseLint UP-TO-DATE
:react-native-filesystem-v1:compileReleaseRenderscript UP-TO-DATE
:react-native-filesystem-v1:generateReleaseBuildConfig UP-TO-DATE
:react-native-filesystem-v1:generateReleaseResValues UP-TO-DATE
:react-native-filesystem-v1:generateReleaseResources UP-TO-DATE
:react-native-filesystem-v1:mergeReleaseResources UP-TO-DATE
:react-native-filesystem-v1:processReleaseManifest UP-TO-DATE
:react-native-filesystem-v1:processReleaseResources UP-TO-DATE
:react-native-filesystem-v1:generateReleaseSources UP-TO-DATE
:react-native-filesystem-v1:incrementalReleaseJavaCompilationSafeguard UP-TO-DATE
:react-native-filesystem-v1:compileReleaseJavaWithJavac UP-TO-DATE
:react-native-filesystem-v1:extractReleaseAnnotations UP-TO-DATE
:react-native-filesystem-v1:mergeReleaseShaders UP-TO-DATE
:react-native-filesystem-v1:compileReleaseShaders UP-TO-DATE
:react-native-filesystem-v1:generateReleaseAssets UP-TO-DATE
:react-native-filesystem-v1:mergeReleaseAssets UP-TO-DATE
:react-native-filesystem-v1:mergeReleaseProguardFiles UP-TO-DATE
:react-native-filesystem-v1:packageReleaseRenderscript UP-TO-DATE
:react-native-filesystem-v1:packageReleaseResources UP-TO-DATE
:react-native-filesystem-v1:processReleaseJavaRes UP-TO-DATE
:react-native-filesystem-v1:transformResourcesWithMergeJavaResForRelease UP-TO-DATE
:react-native-filesystem-v1:transformClassesAndResourcesWithSyncLibJarsForRelease UP-TO-DATE
:react-native-filesystem-v1:mergeReleaseJniLibFolders UP-TO-DATE
:react-native-filesystem-v1:transformNative_libsWithMergeJniLibsForRelease UP-TO-DATE
:react-native-filesystem-v1:transformNative_libsWithSyncJniLibsForRelease UP-TO-DATE
:react-native-filesystem-v1:bundleRelease UP-TO-DATE
:app:prepareComAndroidSupportAppcompatV72301Library UP-TO-DATE
:app:prepareComAndroidSupportSupportV42301Library UP-TO-DATE
:app:prepareComFacebookFbuiTextlayoutbuilderTextlayoutbuilder100Library UP-TO-DATE
:app:prepareComFacebookFrescoDrawee130Library UP-TO-DATE
:app:prepareComFacebookFrescoFbcore130Library UP-TO-DATE
:app:prepareComFacebookFrescoFresco130Library UP-TO-DATE
:app:prepareComFacebookFrescoImagepipeline130Library UP-TO-DATE
:app:prepareComFacebookFrescoImagepipelineBase130Library UP-TO-DATE
:app:prepareComFacebookFrescoImagepipelineOkhttp3130Library UP-TO-DATE
:app:prepareComFacebookReactReactNative0504Library UP-TO-DATE
:app:prepareComFacebookSoloaderSoloader010Library UP-TO-DATE
:app:prepareGreatScouttReactNativeFilesystemV1UnspecifiedLibrary UP-TO-DATE
:app:prepareOrgWebkitAndroidJscR174650Library UP-TO-DATE
:app:prepareDebugDependencies
:app:compileDebugAidl UP-TO-DATE
:app:compileDebugRenderscript UP-TO-DATE
:app:generateDebugBuildConfig UP-TO-DATE
:app:mergeDebugShaders UP-TO-DATE
:app:compileDebugShaders UP-TO-DATE
:app:generateDebugAssets UP-TO-DATE
:app:mergeDebugAssets UP-TO-DATE
:app:generateDebugResValues UP-TO-DATE
:app:generateDebugResources UP-TO-DATE
:app:mergeDebugResources UP-TO-DATE
:app:bundleDebugJsAndAssets
Scanning folders for symlinks in /root/great-scoutt/node_modules (5ms)
Scanning folders for symlinks in /root/great-scoutt/node_modules (5ms)
Loading dependency graph, done.
warning: the transform cache was reset.
bundle: start
bundle: finish
bundle: Writing bundle output to: /root/great-scoutt/android/app/build/intermediates/assets/debug/index.android.bundle
bundle: Copying 5 asset files
bundle: Done writing bundle output
bundle: Done copying assets
:app:processDebugManifest UP-TO-DATE
:app:processDebugResources UP-TO-DATE
:app:generateDebugSources UP-TO-DATE
:app:incrementalDebugJavaCompilationSafeguard UP-TO-DATE
:app:compileDebugJavaWithJavac UP-TO-DATE
:app:compileDebugNdk UP-TO-DATE
:app:compileDebugSources UP-TO-DATE
:app:transformClassesWithDexForDebug UP-TO-DATE
:app:mergeDebugJniLibFolders UP-TO-DATE
:app:transformNative_libsWithMergeJniLibsForDebug UP-TO-DATE
:app:processDebugJavaRes UP-TO-DATE
:app:transformResourcesWithMergeJavaResForDebug UP-TO-DATE
:app:validateSigningDebug
:app:packageDebug
:app:assembleDebug
:react-native-filesystem-v1:checkDebugManifest
:react-native-filesystem-v1:prepareDebugDependencies
:react-native-filesystem-v1:compileDebugAidl UP-TO-DATE
:react-native-filesystem-v1:compileDebugNdk UP-TO-DATE
:react-native-filesystem-v1:copyDebugLint UP-TO-DATE
:react-native-filesystem-v1:compileDebugRenderscript UP-TO-DATE
:react-native-filesystem-v1:generateDebugBuildConfig UP-TO-DATE
:react-native-filesystem-v1:generateDebugResValues UP-TO-DATE
:react-native-filesystem-v1:generateDebugResources UP-TO-DATE
:react-native-filesystem-v1:mergeDebugResources UP-TO-DATE
:react-native-filesystem-v1:processDebugManifest UP-TO-DATE
:react-native-filesystem-v1:processDebugResources UP-TO-DATE
:react-native-filesystem-v1:generateDebugSources UP-TO-DATE
:react-native-filesystem-v1:incrementalDebugJavaCompilationSafeguard UP-TO-DATE
:react-native-filesystem-v1:compileDebugJavaWithJavac UP-TO-DATE
:react-native-filesystem-v1:extractDebugAnnotations UP-TO-DATE
:react-native-filesystem-v1:mergeDebugShaders UP-TO-DATE
:react-native-filesystem-v1:compileDebugShaders UP-TO-DATE
:react-native-filesystem-v1:generateDebugAssets UP-TO-DATE
:react-native-filesystem-v1:mergeDebugAssets UP-TO-DATE
:react-native-filesystem-v1:mergeDebugProguardFiles UP-TO-DATE
:react-native-filesystem-v1:packageDebugRenderscript UP-TO-DATE
:react-native-filesystem-v1:packageDebugResources UP-TO-DATE
:react-native-filesystem-v1:processDebugJavaRes UP-TO-DATE
:react-native-filesystem-v1:transformResourcesWithMergeJavaResForDebug UP-TO-DATE
:react-native-filesystem-v1:transformClassesAndResourcesWithSyncLibJarsForDebug UP-TO-DATE
:react-native-filesystem-v1:mergeDebugJniLibFolders UP-TO-DATE
:react-native-filesystem-v1:transformNative_libsWithMergeJniLibsForDebug UP-TO-DATE
:react-native-filesystem-v1:transformNative_libsWithSyncJniLibsForDebug UP-TO-DATE
:react-native-filesystem-v1:bundleDebug UP-TO-DATE
:react-native-filesystem-v1:compileDebugSources UP-TO-DATE
:react-native-filesystem-v1:assembleDebug UP-TO-DATE

BUILD SUCCESSFUL

Total time: 42.86 secs

This build could be faster, please consider using the Gradle Daemon: https://docs.gradle.org/2.14.1/userguide/gradle_daemon.html

> GreatScoutt@0.3.2 build:android:rename /root/great-scoutt
> rm -rf build/ && mkdir build && cd build && mkdir android && cd .. && mv android/app/build/outputs/apk/app-debug.apk build/android/great-scoutt.apk

Current branch master is up to date.
yarn install v1.3.2
[1/4] Resolving packages...
success Already up-to-date.
Done in 0.72s.
yarn link v1.3.2
success Using linked module for "react-native-filesystem-v1".
Done in 0.08s.

> GreatScoutt@0.3.2 build:android /root/great-scoutt
> cd android && ./gradlew assembleDebug && npm run build:android:rename

Incremental java compilation is an incubating feature.
:app:preBuild UP-TO-DATE
:app:preDebugBuild UP-TO-DATE
:app:checkDebugManifest
:app:preReleaseBuild UP-TO-DATE
:react-native-filesystem-v1:preBuild UP-TO-DATE
:react-native-filesystem-v1:preReleaseBuild UP-TO-DATE
:react-native-filesystem-v1:checkReleaseManifest
:react-native-filesystem-v1:preDebugAndroidTestBuild UP-TO-DATE
:react-native-filesystem-v1:preDebugBuild UP-TO-DATE
:react-native-filesystem-v1:preDebugUnitTestBuild UP-TO-DATE
:react-native-filesystem-v1:preReleaseUnitTestBuild UP-TO-DATE
:react-native-filesystem-v1:prepareComAndroidSupportAppcompatV72301Library UP-TO-DATE
:react-native-filesystem-v1:prepareComAndroidSupportSupportV42301Library UP-TO-DATE
:react-native-filesystem-v1:prepareComFacebookFbuiTextlayoutbuilderTextlayoutbuilder100Library UP-TO-DATE
:react-native-filesystem-v1:prepareComFacebookFrescoDrawee130Library UP-TO-DATE
:react-native-filesystem-v1:prepareComFacebookFrescoFbcore130Library UP-TO-DATE
:react-native-filesystem-v1:prepareComFacebookFrescoFresco130Library UP-TO-DATE
:react-native-filesystem-v1:prepareComFacebookFrescoImagepipeline130Library UP-TO-DATE
:react-native-filesystem-v1:prepareComFacebookFrescoImagepipelineBase130Library UP-TO-DATE
:react-native-filesystem-v1:prepareComFacebookFrescoImagepipelineOkhttp3130Library UP-TO-DATE
:react-native-filesystem-v1:prepareComFacebookReactReactNative0504Library UP-TO-DATE
:react-native-filesystem-v1:prepareComFacebookSoloaderSoloader010Library UP-TO-DATE
:react-native-filesystem-v1:prepareOrgWebkitAndroidJscR174650Library UP-TO-DATE
:react-native-filesystem-v1:prepareReleaseDependencies
:react-native-filesystem-v1:compileReleaseAidl UP-TO-DATE
:react-native-filesystem-v1:compileReleaseNdk UP-TO-DATE
:react-native-filesystem-v1:compileLint UP-TO-DATE
:react-native-filesystem-v1:copyReleaseLint UP-TO-DATE
:react-native-filesystem-v1:compileReleaseRenderscript UP-TO-DATE
:react-native-filesystem-v1:generateReleaseBuildConfig UP-TO-DATE
:react-native-filesystem-v1:generateReleaseResValues UP-TO-DATE
:react-native-filesystem-v1:generateReleaseResources UP-TO-DATE
:react-native-filesystem-v1:mergeReleaseResources UP-TO-DATE
:react-native-filesystem-v1:processReleaseManifest UP-TO-DATE
:react-native-filesystem-v1:processReleaseResources UP-TO-DATE
:react-native-filesystem-v1:generateReleaseSources UP-TO-DATE
:react-native-filesystem-v1:incrementalReleaseJavaCompilationSafeguard UP-TO-DATE
:react-native-filesystem-v1:compileReleaseJavaWithJavac UP-TO-DATE
:react-native-filesystem-v1:extractReleaseAnnotations UP-TO-DATE
:react-native-filesystem-v1:mergeReleaseShaders UP-TO-DATE
:react-native-filesystem-v1:compileReleaseShaders UP-TO-DATE
:react-native-filesystem-v1:generateReleaseAssets UP-TO-DATE
:react-native-filesystem-v1:mergeReleaseAssets UP-TO-DATE
:react-native-filesystem-v1:mergeReleaseProguardFiles UP-TO-DATE
:react-native-filesystem-v1:packageReleaseRenderscript UP-TO-DATE
:react-native-filesystem-v1:packageReleaseResources UP-TO-DATE
:react-native-filesystem-v1:processReleaseJavaRes UP-TO-DATE
:react-native-filesystem-v1:transformResourcesWithMergeJavaResForRelease UP-TO-DATE
:react-native-filesystem-v1:transformClassesAndResourcesWithSyncLibJarsForRelease UP-TO-DATE
:react-native-filesystem-v1:mergeReleaseJniLibFolders UP-TO-DATE
:react-native-filesystem-v1:transformNative_libsWithMergeJniLibsForRelease UP-TO-DATE
:react-native-filesystem-v1:transformNative_libsWithSyncJniLibsForRelease UP-TO-DATE
:react-native-filesystem-v1:bundleRelease UP-TO-DATE
:app:prepareComAndroidSupportAppcompatV72301Library UP-TO-DATE
:app:prepareComAndroidSupportSupportV42301Library UP-TO-DATE
:app:prepareComFacebookFbuiTextlayoutbuilderTextlayoutbuilder100Library UP-TO-DATE
:app:prepareComFacebookFrescoDrawee130Library UP-TO-DATE
:app:prepareComFacebookFrescoFbcore130Library UP-TO-DATE
:app:prepareComFacebookFrescoFresco130Library UP-TO-DATE
:app:prepareComFacebookFrescoImagepipeline130Library UP-TO-DATE
:app:prepareComFacebookFrescoImagepipelineBase130Library UP-TO-DATE
:app:prepareComFacebookFrescoImagepipelineOkhttp3130Library UP-TO-DATE
:app:prepareComFacebookReactReactNative0504Library UP-TO-DATE
:app:prepareComFacebookSoloaderSoloader010Library UP-TO-DATE
:app:prepareGreatScouttReactNativeFilesystemV1UnspecifiedLibrary UP-TO-DATE
:app:prepareOrgWebkitAndroidJscR174650Library UP-TO-DATE
:app:prepareDebugDependencies
:app:compileDebugAidl UP-TO-DATE
:app:compileDebugRenderscript UP-TO-DATE
:app:generateDebugBuildConfig UP-TO-DATE
:app:mergeDebugShaders UP-TO-DATE
:app:compileDebugShaders UP-TO-DATE
:app:generateDebugAssets UP-TO-DATE
:app:mergeDebugAssets UP-TO-DATE
:app:generateDebugResValues UP-TO-DATE
:app:generateDebugResources UP-TO-DATE
:app:mergeDebugResources UP-TO-DATE
:app:bundleDebugJsAndAssets UP-TO-DATE
:app:processDebugManifest UP-TO-DATE
:app:processDebugResources UP-TO-DATE
:app:generateDebugSources UP-TO-DATE
:app:incrementalDebugJavaCompilationSafeguard UP-TO-DATE
:app:compileDebugJavaWithJavac UP-TO-DATE
:app:compileDebugNdk UP-TO-DATE
:app:compileDebugSources UP-TO-DATE
:app:transformClassesWithDexForDebug UP-TO-DATE
:app:mergeDebugJniLibFolders UP-TO-DATE
:app:transformNative_libsWithMergeJniLibsForDebug UP-TO-DATE
:app:processDebugJavaRes UP-TO-DATE
:app:transformResourcesWithMergeJavaResForDebug UP-TO-DATE
:app:validateSigningDebug
:app:packageDebug
:app:assembleDebug
:react-native-filesystem-v1:checkDebugManifest
:react-native-filesystem-v1:prepareDebugDependencies
:react-native-filesystem-v1:compileDebugAidl UP-TO-DATE
:react-native-filesystem-v1:compileDebugNdk UP-TO-DATE
:react-native-filesystem-v1:copyDebugLint UP-TO-DATE
:react-native-filesystem-v1:compileDebugRenderscript UP-TO-DATE
:react-native-filesystem-v1:generateDebugBuildConfig UP-TO-DATE
:react-native-filesystem-v1:generateDebugResValues UP-TO-DATE
:react-native-filesystem-v1:generateDebugResources UP-TO-DATE
:react-native-filesystem-v1:mergeDebugResources UP-TO-DATE
:react-native-filesystem-v1:processDebugManifest UP-TO-DATE
:react-native-filesystem-v1:processDebugResources UP-TO-DATE
:react-native-filesystem-v1:generateDebugSources UP-TO-DATE
:react-native-filesystem-v1:incrementalDebugJavaCompilationSafeguard UP-TO-DATE
:react-native-filesystem-v1:compileDebugJavaWithJavac UP-TO-DATE
:react-native-filesystem-v1:extractDebugAnnotations UP-TO-DATE
:react-native-filesystem-v1:mergeDebugShaders UP-TO-DATE
:react-native-filesystem-v1:compileDebugShaders UP-TO-DATE
:react-native-filesystem-v1:generateDebugAssets UP-TO-DATE
:react-native-filesystem-v1:mergeDebugAssets UP-TO-DATE
:react-native-filesystem-v1:mergeDebugProguardFiles UP-TO-DATE
:react-native-filesystem-v1:packageDebugRenderscript UP-TO-DATE
:react-native-filesystem-v1:packageDebugResources UP-TO-DATE
:react-native-filesystem-v1:processDebugJavaRes UP-TO-DATE
:react-native-filesystem-v1:transformResourcesWithMergeJavaResForDebug UP-TO-DATE
:react-native-filesystem-v1:transformClassesAndResourcesWithSyncLibJarsForDebug UP-TO-DATE
:react-native-filesystem-v1:mergeDebugJniLibFolders UP-TO-DATE
:react-native-filesystem-v1:transformNative_libsWithMergeJniLibsForDebug UP-TO-DATE
:react-native-filesystem-v1:transformNative_libsWithSyncJniLibsForDebug UP-TO-DATE
:react-native-filesystem-v1:bundleDebug UP-TO-DATE
:react-native-filesystem-v1:compileDebugSources UP-TO-DATE
:react-native-filesystem-v1:assembleDebug UP-TO-DATE

BUILD SUCCESSFUL

Total time: 17.16 secs

This build could be faster, please consider using the Gradle Daemon: https://docs.gradle.org/2.14.1/userguide/gradle_daemon.html

> GreatScoutt@0.3.2 build:android:rename /root/great-scoutt
> rm -rf build/ && mkdir build && cd build && mkdir android && cd .. && mv android/app/build/outputs/apk/app-debug.apk build/android/great-scoutt.apk

Current branch master is up to date.
yarn install v1.3.2
[1/4] Resolving packages...
success Already up-to-date.
Done in 0.75s.
yarn link v1.3.2
success Using linked module for "react-native-filesystem-v1".
Done in 0.08s.

> GreatScoutt@0.3.2 build:android /root/great-scoutt
> cd android && ./gradlew assembleDebug && npm run build:android:rename

Incremental java compilation is an incubating feature.
:app:preBuild UP-TO-DATE
:app:preDebugBuild UP-TO-DATE
:app:checkDebugManifest
:app:preReleaseBuild UP-TO-DATE
:react-native-filesystem-v1:preBuild UP-TO-DATE
:react-native-filesystem-v1:preReleaseBuild UP-TO-DATE
:react-native-filesystem-v1:checkReleaseManifest
:react-native-filesystem-v1:preDebugAndroidTestBuild UP-TO-DATE
:react-native-filesystem-v1:preDebugBuild UP-TO-DATE
:react-native-filesystem-v1:preDebugUnitTestBuild UP-TO-DATE
:react-native-filesystem-v1:preReleaseUnitTestBuild UP-TO-DATE
:react-native-filesystem-v1:prepareComAndroidSupportAppcompatV72301Library UP-TO-DATE
:react-native-filesystem-v1:prepareComAndroidSupportSupportV42301Library UP-TO-DATE
:react-native-filesystem-v1:prepareComFacebookFbuiTextlayoutbuilderTextlayoutbuilder100Library UP-TO-DATE
:react-native-filesystem-v1:prepareComFacebookFrescoDrawee130Library UP-TO-DATE
:react-native-filesystem-v1:prepareComFacebookFrescoFbcore130Library UP-TO-DATE
:react-native-filesystem-v1:prepareComFacebookFrescoFresco130Library UP-TO-DATE
:react-native-filesystem-v1:prepareComFacebookFrescoImagepipeline130Library UP-TO-DATE
:react-native-filesystem-v1:prepareComFacebookFrescoImagepipelineBase130Library UP-TO-DATE
:react-native-filesystem-v1:prepareComFacebookFrescoImagepipelineOkhttp3130Library UP-TO-DATE
:react-native-filesystem-v1:prepareComFacebookReactReactNative0504Library UP-TO-DATE
:react-native-filesystem-v1:prepareComFacebookSoloaderSoloader010Library UP-TO-DATE
:react-native-filesystem-v1:prepareOrgWebkitAndroidJscR174650Library UP-TO-DATE
:react-native-filesystem-v1:prepareReleaseDependencies
:react-native-filesystem-v1:compileReleaseAidl UP-TO-DATE
:react-native-filesystem-v1:compileReleaseNdk UP-TO-DATE
:react-native-filesystem-v1:compileLint UP-TO-DATE
:react-native-filesystem-v1:copyReleaseLint UP-TO-DATE
:react-native-filesystem-v1:compileReleaseRenderscript UP-TO-DATE
:react-native-filesystem-v1:generateReleaseBuildConfig UP-TO-DATE
:react-native-filesystem-v1:generateReleaseResValues UP-TO-DATE
:react-native-filesystem-v1:generateReleaseResources UP-TO-DATE
:react-native-filesystem-v1:mergeReleaseResources UP-TO-DATE
:react-native-filesystem-v1:processReleaseManifest UP-TO-DATE
:react-native-filesystem-v1:processReleaseResources UP-TO-DATE
:react-native-filesystem-v1:generateReleaseSources UP-TO-DATE
:react-native-filesystem-v1:incrementalReleaseJavaCompilationSafeguard UP-TO-DATE
:react-native-filesystem-v1:compileReleaseJavaWithJavac UP-TO-DATE
:react-native-filesystem-v1:extractReleaseAnnotations UP-TO-DATE
:react-native-filesystem-v1:mergeReleaseShaders UP-TO-DATE
:react-native-filesystem-v1:compileReleaseShaders UP-TO-DATE
:react-native-filesystem-v1:generateReleaseAssets UP-TO-DATE
:react-native-filesystem-v1:mergeReleaseAssets UP-TO-DATE
:react-native-filesystem-v1:mergeReleaseProguardFiles UP-TO-DATE
:react-native-filesystem-v1:packageReleaseRenderscript UP-TO-DATE
:react-native-filesystem-v1:packageReleaseResources UP-TO-DATE
:react-native-filesystem-v1:processReleaseJavaRes UP-TO-DATE
:react-native-filesystem-v1:transformResourcesWithMergeJavaResForRelease UP-TO-DATE
:react-native-filesystem-v1:transformClassesAndResourcesWithSyncLibJarsForRelease UP-TO-DATE
:react-native-filesystem-v1:mergeReleaseJniLibFolders UP-TO-DATE
:react-native-filesystem-v1:transformNative_libsWithMergeJniLibsForRelease UP-TO-DATE
:react-native-filesystem-v1:transformNative_libsWithSyncJniLibsForRelease UP-TO-DATE
:react-native-filesystem-v1:bundleRelease UP-TO-DATE
:app:prepareComAndroidSupportAppcompatV72301Library UP-TO-DATE
:app:prepareComAndroidSupportSupportV42301Library UP-TO-DATE
:app:prepareComFacebookFbuiTextlayoutbuilderTextlayoutbuilder100Library UP-TO-DATE
:app:prepareComFacebookFrescoDrawee130Library UP-TO-DATE
:app:prepareComFacebookFrescoFbcore130Library UP-TO-DATE
:app:prepareComFacebookFrescoFresco130Library UP-TO-DATE
:app:prepareComFacebookFrescoImagepipeline130Library UP-TO-DATE
:app:prepareComFacebookFrescoImagepipelineBase130Library UP-TO-DATE
:app:prepareComFacebookFrescoImagepipelineOkhttp3130Library UP-TO-DATE
:app:prepareComFacebookReactReactNative0504Library UP-TO-DATE
:app:prepareComFacebookSoloaderSoloader010Library UP-TO-DATE
:app:prepareGreatScouttReactNativeFilesystemV1UnspecifiedLibrary UP-TO-DATE
:app:prepareOrgWebkitAndroidJscR174650Library UP-TO-DATE
:app:prepareDebugDependencies
:app:compileDebugAidl UP-TO-DATE
:app:compileDebugRenderscript UP-TO-DATE
:app:generateDebugBuildConfig UP-TO-DATE
:app:mergeDebugShaders UP-TO-DATE
:app:compileDebugShaders UP-TO-DATE
:app:generateDebugAssets UP-TO-DATE
:app:mergeDebugAssets UP-TO-DATE
:app:generateDebugResValues UP-TO-DATE
:app:generateDebugResources UP-TO-DATE
:app:mergeDebugResources UP-TO-DATE
:app:bundleDebugJsAndAssets
Scanning folders for symlinks in /root/great-scoutt/node_modules (6ms)
Scanning folders for symlinks in /root/great-scoutt/node_modules (5ms)
Loading dependency graph, done.
warning: the transform cache was reset.
bundle: start
bundle: finish
bundle: Writing bundle output to: /root/great-scoutt/android/app/build/intermediates/assets/debug/index.android.bundle
bundle: Copying 5 asset files
bundle: Done writing bundle output
bundle: Done copying assets
:app:processDebugManifest UP-TO-DATE
:app:processDebugResources UP-TO-DATE
:app:generateDebugSources UP-TO-DATE
:app:incrementalDebugJavaCompilationSafeguard UP-TO-DATE
:app:compileDebugJavaWithJavac UP-TO-DATE
:app:compileDebugNdk UP-TO-DATE
:app:compileDebugSources UP-TO-DATE
:app:transformClassesWithDexForDebug UP-TO-DATE
:app:mergeDebugJniLibFolders UP-TO-DATE
:app:transformNative_libsWithMergeJniLibsForDebug UP-TO-DATE
:app:processDebugJavaRes UP-TO-DATE
:app:transformResourcesWithMergeJavaResForDebug UP-TO-DATE
:app:validateSigningDebug
:app:packageDebug
:app:assembleDebug
:react-native-filesystem-v1:checkDebugManifest
:react-native-filesystem-v1:prepareDebugDependencies
:react-native-filesystem-v1:compileDebugAidl UP-TO-DATE
:react-native-filesystem-v1:compileDebugNdk UP-TO-DATE
:react-native-filesystem-v1:copyDebugLint UP-TO-DATE
:react-native-filesystem-v1:compileDebugRenderscript UP-TO-DATE
:react-native-filesystem-v1:generateDebugBuildConfig UP-TO-DATE
:react-native-filesystem-v1:generateDebugResValues UP-TO-DATE
:react-native-filesystem-v1:generateDebugResources UP-TO-DATE
:react-native-filesystem-v1:mergeDebugResources UP-TO-DATE
:react-native-filesystem-v1:processDebugManifest UP-TO-DATE
:react-native-filesystem-v1:processDebugResources UP-TO-DATE
:react-native-filesystem-v1:generateDebugSources UP-TO-DATE
:react-native-filesystem-v1:incrementalDebugJavaCompilationSafeguard UP-TO-DATE
:react-native-filesystem-v1:compileDebugJavaWithJavac UP-TO-DATE
:react-native-filesystem-v1:extractDebugAnnotations UP-TO-DATE
:react-native-filesystem-v1:mergeDebugShaders UP-TO-DATE
:react-native-filesystem-v1:compileDebugShaders UP-TO-DATE
:react-native-filesystem-v1:generateDebugAssets UP-TO-DATE
:react-native-filesystem-v1:mergeDebugAssets UP-TO-DATE
:react-native-filesystem-v1:mergeDebugProguardFiles UP-TO-DATE
:react-native-filesystem-v1:packageDebugRenderscript UP-TO-DATE
:react-native-filesystem-v1:packageDebugResources UP-TO-DATE
:react-native-filesystem-v1:processDebugJavaRes UP-TO-DATE
:react-native-filesystem-v1:transformResourcesWithMergeJavaResForDebug UP-TO-DATE
:react-native-filesystem-v1:transformClassesAndResourcesWithSyncLibJarsForDebug UP-TO-DATE
:react-native-filesystem-v1:mergeDebugJniLibFolders UP-TO-DATE
:react-native-filesystem-v1:transformNative_libsWithMergeJniLibsForDebug UP-TO-DATE
:react-native-filesystem-v1:transformNative_libsWithSyncJniLibsForDebug UP-TO-DATE
:react-native-filesystem-v1:bundleDebug UP-TO-DATE
:react-native-filesystem-v1:compileDebugSources UP-TO-DATE
:react-native-filesystem-v1:assembleDebug UP-TO-DATE

BUILD SUCCESSFUL

Total time: 42.929 secs

This build could be faster, please consider using the Gradle Daemon: https://docs.gradle.org/2.14.1/userguide/gradle_daemon.html

> GreatScoutt@0.3.2 build:android:rename /root/great-scoutt
> rm -rf build/ && mkdir build && cd build && mkdir android && cd .. && mv android/app/build/outputs/apk/app-debug.apk build/android/great-scoutt.apk

Current branch master is up to date.
yarn install v1.3.2
[1/4] Resolving packages...
success Already up-to-date.
Done in 0.72s.
yarn link v1.3.2
success Using linked module for "react-native-filesystem-v1".
Done in 0.08s.

> GreatScoutt@0.3.12 build:android /root/great-scoutt
> cd android && ./gradlew assembleDebug && npm run build:android:rename

Current branch master is up to date.
yarn install v1.3.2
[1/4] Resolving packages...
Incremental java compilation is an incubating feature.
success Already up-to-date.
Done in 2.15s.
:app:preBuild UP-TO-DATE
:app:preDebugBuild UP-TO-DATE
:app:checkDebugManifest
:app:preReleaseBuild UP-TO-DATE
:react-native-filesystem-v1:preBuild UP-TO-DATE
:react-native-filesystem-v1:preReleaseBuild UP-TO-DATE
:react-native-filesystem-v1:checkReleaseManifest
:react-native-filesystem-v1:preDebugAndroidTestBuild UP-TO-DATE
:react-native-filesystem-v1:preDebugBuild UP-TO-DATE
:react-native-filesystem-v1:preDebugUnitTestBuild UP-TO-DATE
:react-native-filesystem-v1:preReleaseUnitTestBuild UP-TO-DATE
:react-native-filesystem-v1:prepareComAndroidSupportAppcompatV72301Library UP-TO-DATE
:react-native-filesystem-v1:prepareComAndroidSupportSupportV42301Library UP-TO-DATE
:react-native-filesystem-v1:prepareComFacebookFbuiTextlayoutbuilderTextlayoutbuilder100Library UP-TO-DATE
:react-native-filesystem-v1:prepareComFacebookFrescoDrawee130Library UP-TO-DATE
:react-native-filesystem-v1:prepareComFacebookFrescoFbcore130Library UP-TO-DATE
:react-native-filesystem-v1:prepareComFacebookFrescoFresco130Library UP-TO-DATE
:react-native-filesystem-v1:prepareComFacebookFrescoImagepipeline130Library UP-TO-DATE
:react-native-filesystem-v1:prepareComFacebookFrescoImagepipelineBase130Library UP-TO-DATE
:react-native-filesystem-v1:prepareComFacebookFrescoImagepipelineOkhttp3130Library UP-TO-DATE
:react-native-filesystem-v1:prepareComFacebookReactReactNative0504Library UP-TO-DATE
:react-native-filesystem-v1:prepareComFacebookSoloaderSoloader010Library UP-TO-DATE
:react-native-filesystem-v1:prepareOrgWebkitAndroidJscR174650Library UP-TO-DATE
:react-native-filesystem-v1:prepareReleaseDependencies
:react-native-filesystem-v1:compileReleaseAidlyarn link v1.3.2
 UP-TO-DATE
:react-native-filesystem-v1:compileReleaseNdk UP-TO-DATE
:react-native-filesystem-v1:compileLint UP-TO-DATE
:react-native-filesystem-v1:copyReleaseLint UP-TO-DATE
:react-native-filesystem-v1:compileReleaseRenderscript UP-TO-DATE
:react-native-filesystem-v1:generateReleaseBuildConfig UP-TO-DATE
:react-native-filesystem-v1:generateReleaseResValues UP-TO-DATE
:react-native-filesystem-v1:generateReleaseResources UP-TO-DATE
:react-native-filesystem-v1:mergeReleaseResourcessuccess Using linked module for "react-native-filesystem-v1".
Done in 0.30s.
 UP-TO-DATE
:react-native-filesystem-v1:processReleaseManifest UP-TO-DATE
:react-native-filesystem-v1:processReleaseResources UP-TO-DATE
:react-native-filesystem-v1:generateReleaseSources UP-TO-DATE
:react-native-filesystem-v1:incrementalReleaseJavaCompilationSafeguard UP-TO-DATE
:react-native-filesystem-v1:compileReleaseJavaWithJavac UP-TO-DATE
:react-native-filesystem-v1:extractReleaseAnnotations UP-TO-DATE
:react-native-filesystem-v1:mergeReleaseShaders UP-TO-DATE
:react-native-filesystem-v1:compileReleaseShaders UP-TO-DATE
:react-native-filesystem-v1:generateReleaseAssets UP-TO-DATE
:react-native-filesystem-v1:mergeReleaseAssets UP-TO-DATE
:react-native-filesystem-v1:mergeReleaseProguardFiles UP-TO-DATE
:react-native-filesystem-v1:packageReleaseRenderscript UP-TO-DATE
:react-native-filesystem-v1:packageReleaseResources UP-TO-DATE
:react-native-filesystem-v1:processReleaseJavaRes UP-TO-DATE
:react-native-filesystem-v1:transformResourcesWithMergeJavaResForRelease UP-TO-DATE
:react-native-filesystem-v1:transformClassesAndResourcesWithSyncLibJarsForRelease UP-TO-DATE
:react-native-filesystem-v1:mergeReleaseJniLibFolders UP-TO-DATE
:react-native-filesystem-v1:transformNative_libsWithMergeJniLibsForRelease UP-TO-DATE
:react-native-filesystem-v1:transformNative_libsWithSyncJniLibsForRelease UP-TO-DATE
:react-native-filesystem-v1:bundleRelease UP-TO-DATE
:app:prepareComAndroidSupportAppcompatV72301Library UP-TO-DATE
:app:prepareComAndroidSupportSupportV42301Library UP-TO-DATE
:app:prepareComFacebookFbuiTextlayoutbuilderTextlayoutbuilder100Library UP-TO-DATE
:app:prepareComFacebookFrescoDrawee130Library UP-TO-DATE
:app:prepareComFacebookFrescoFbcore130Library UP-TO-DATE
:app:prepareComFacebookFrescoFresco130Library UP-TO-DATE
:app:prepareComFacebookFrescoImagepipeline130Library UP-TO-DATE
:app:prepareComFacebookFrescoImagepipelineBase130Library UP-TO-DATE
:app:prepareComFacebookFrescoImagepipelineOkhttp3130Library UP-TO-DATE
:app:prepareComFacebookReactReactNative0504Library UP-TO-DATE
:app:prepareComFacebookSoloaderSoloader010Library UP-TO-DATE
:app:prepareGreatScouttReactNativeFilesystemV1UnspecifiedLibrary UP-TO-DATE
:app:prepareOrgWebkitAndroidJscR174650Library UP-TO-DATE
:app:prepareDebugDependencies
:app:compileDebugAidl UP-TO-DATE
:app:compileDebugRenderscript UP-TO-DATE
:app:generateDebugBuildConfig UP-TO-DATE
:app:mergeDebugShaders UP-TO-DATE
:app:compileDebugShaders UP-TO-DATE
:app:generateDebugAssets UP-TO-DATE
:app:mergeDebugAssets UP-TO-DATE
:app:generateDebugResValues UP-TO-DATE
:app:generateDebugResources UP-TO-DATE
:app:mergeDebugResources
> GreatScoutt@0.3.12 build:android /root/great-scoutt
> cd android && ./gradlew assembleDebug && npm run build:android:rename

 UP-TO-DATE
:app:bundleDebugJsAndAssets
Scanning folders for symlinks in /root/great-scoutt/node_modules (13ms)
Scanning folders for symlinks in /root/great-scoutt/node_modules (9ms)
Loading dependency graph, done.
warning: the transform cache was reset.
Incremental java compilation is an incubating feature.
:app:preBuild UP-TO-DATE
:app:preDebugBuild UP-TO-DATE
:app:checkDebugManifest
:app:preReleaseBuild UP-TO-DATE
:react-native-filesystem-v1:preBuild UP-TO-DATE
:react-native-filesystem-v1:preReleaseBuild UP-TO-DATE
:react-native-filesystem-v1:checkReleaseManifest
:react-native-filesystem-v1:preDebugAndroidTestBuild UP-TO-DATE
:react-native-filesystem-v1:preDebugBuild UP-TO-DATE
:react-native-filesystem-v1:preDebugUnitTestBuild UP-TO-DATE
:react-native-filesystem-v1:preReleaseUnitTestBuild UP-TO-DATE
:react-native-filesystem-v1:prepareComAndroidSupportAppcompatV72301Library UP-TO-DATE
:react-native-filesystem-v1:prepareComAndroidSupportSupportV42301Library UP-TO-DATE
:react-native-filesystem-v1:prepareComFacebookFbuiTextlayoutbuilderTextlayoutbuilder100Library UP-TO-DATE
:react-native-filesystem-v1:prepareComFacebookFrescoDrawee130Library UP-TO-DATE
:react-native-filesystem-v1:prepareComFacebookFrescoFbcore130Library UP-TO-DATE
:react-native-filesystem-v1:prepareComFacebookFrescoFresco130Library UP-TO-DATE
:react-native-filesystem-v1:prepareComFacebookFrescoImagepipeline130Library UP-TO-DATE
:react-native-filesystem-v1:prepareComFacebookFrescoImagepipelineBase130Library UP-TO-DATE
:react-native-filesystem-v1:prepareComFacebookFrescoImagepipelineOkhttp3130Library UP-TO-DATE
:react-native-filesystem-v1:prepareComFacebookReactReactNative0504Library UP-TO-DATE
:react-native-filesystem-v1:prepareComFacebookSoloaderSoloader010Library UP-TO-DATE
:react-native-filesystem-v1:prepareOrgWebkitAndroidJscR174650Library UP-TO-DATE
:react-native-filesystem-v1:prepareReleaseDependencies
:react-native-filesystem-v1:compileReleaseAidl UP-TO-DATE
:react-native-filesystem-v1:compileReleaseNdk UP-TO-DATE
:react-native-filesystem-v1:compileLint UP-TO-DATE
:react-native-filesystem-v1:copyReleaseLint UP-TO-DATE
:react-native-filesystem-v1:compileReleaseRenderscript UP-TO-DATE
:react-native-filesystem-v1:generateReleaseBuildConfig UP-TO-DATE
:react-native-filesystem-v1:generateReleaseResValues UP-TO-DATE
:react-native-filesystem-v1:generateReleaseResources UP-TO-DATE
:react-native-filesystem-v1:mergeReleaseResources UP-TO-DATE
:react-native-filesystem-v1:processReleaseManifest UP-TO-DATE
:react-native-filesystem-v1:processReleaseResources UP-TO-DATE
:react-native-filesystem-v1:generateReleaseSources UP-TO-DATE
:react-native-filesystem-v1:incrementalReleaseJavaCompilationSafeguard UP-TO-DATE
:react-native-filesystem-v1:compileReleaseJavaWithJavac UP-TO-DATE
:react-native-filesystem-v1:extractReleaseAnnotations UP-TO-DATE
:react-native-filesystem-v1:mergeReleaseShaders UP-TO-DATE
:react-native-filesystem-v1:compileReleaseShaders UP-TO-DATE
:react-native-filesystem-v1:generateReleaseAssets UP-TO-DATE
:react-native-filesystem-v1:mergeReleaseAssets UP-TO-DATE
:react-native-filesystem-v1:mergeReleaseProguardFiles UP-TO-DATE
:react-native-filesystem-v1:packageReleaseRenderscript UP-TO-DATE
:react-native-filesystem-v1:packageReleaseResources UP-TO-DATE
:react-native-filesystem-v1:processReleaseJavaRes UP-TO-DATE
:react-native-filesystem-v1:transformResourcesWithMergeJavaResForRelease UP-TO-DATE
:react-native-filesystem-v1:transformClassesAndResourcesWithSyncLibJarsForRelease UP-TO-DATE
:react-native-filesystem-v1:mergeReleaseJniLibFolders UP-TO-DATE
:react-native-filesystem-v1:transformNative_libsWithMergeJniLibsForRelease UP-TO-DATE
:react-native-filesystem-v1:transformNative_libsWithSyncJniLibsForRelease UP-TO-DATE
:react-native-filesystem-v1:bundleRelease UP-TO-DATE
:app:prepareComAndroidSupportAppcompatV72301Library UP-TO-DATE
:app:prepareComAndroidSupportSupportV42301Library UP-TO-DATE
:app:prepareComFacebookFbuiTextlayoutbuilderTextlayoutbuilder100Library UP-TO-DATE
:app:prepareComFacebookFrescoDrawee130Library UP-TO-DATE
:app:prepareComFacebookFrescoFbcore130Library UP-TO-DATE
:app:prepareComFacebookFrescoFresco130Library UP-TO-DATE
:app:prepareComFacebookFrescoImagepipeline130Library UP-TO-DATE
:app:prepareComFacebookFrescoImagepipelineBase130Library UP-TO-DATE
:app:prepareComFacebookFrescoImagepipelineOkhttp3130Library UP-TO-DATE
:app:prepareComFacebookReactReactNative0504Library UP-TO-DATE
:app:prepareComFacebookSoloaderSoloader010Library UP-TO-DATE
:app:prepareGreatScouttReactNativeFilesystemV1UnspecifiedLibrary UP-TO-DATE
:app:prepareOrgWebkitAndroidJscR174650Library UP-TO-DATE
:app:prepareDebugDependencies
:app:compileDebugAidl UP-TO-DATE
:app:compileDebugRenderscript UP-TO-DATE
:app:generateDebugBuildConfig UP-TO-DATE
:app:mergeDebugShaders UP-TO-DATE
:app:compileDebugShaders UP-TO-DATE
:app:generateDebugAssets UP-TO-DATE
:app:mergeDebugAssets UP-TO-DATE
:app:generateDebugResValues UP-TO-DATE
:app:generateDebugResources UP-TO-DATE
:app:mergeDebugResources UP-TO-DATE
:app:bundleDebugJsAndAssets
Scanning folders for symlinks in /root/great-scoutt/node_modules (14ms)
Scanning folders for symlinks in /root/great-scoutt/node_modules (6ms)
Loading dependency graph, done.
warning: the transform cache was reset.
:app:bundleDebugJsAndAssets FAILED

BUILD FAILED

Total time: 57.936 secs
Current branch master is up to date.
yarn install v1.3.2
[1/4] Resolving packages...
success Already up-to-date.
Done in 0.78s.
yarn link v1.3.2
success Using linked module for "react-native-filesystem-v1".
Done in 0.08s.

> GreatScoutt@0.3.12 build:android /root/great-scoutt
> cd android && ./gradlew assembleDebug && npm run build:android:rename

Incremental java compilation is an incubating feature.
:app:preBuild UP-TO-DATE
:app:preDebugBuild UP-TO-DATE
:app:checkDebugManifest
:app:preReleaseBuild UP-TO-DATE
:react-native-filesystem-v1:preBuild UP-TO-DATE
:react-native-filesystem-v1:preReleaseBuild UP-TO-DATE
:react-native-filesystem-v1:checkReleaseManifest
:react-native-filesystem-v1:preDebugAndroidTestBuild UP-TO-DATE
:react-native-filesystem-v1:preDebugBuild UP-TO-DATE
:react-native-filesystem-v1:preDebugUnitTestBuild UP-TO-DATE
:react-native-filesystem-v1:preReleaseUnitTestBuild UP-TO-DATE
:react-native-filesystem-v1:prepareComAndroidSupportAppcompatV72301Library UP-TO-DATE
:react-native-filesystem-v1:prepareComAndroidSupportSupportV42301Library UP-TO-DATE
:react-native-filesystem-v1:prepareComFacebookFbuiTextlayoutbuilderTextlayoutbuilder100Library UP-TO-DATE
:react-native-filesystem-v1:prepareComFacebookFrescoDrawee130Library UP-TO-DATE
:react-native-filesystem-v1:prepareComFacebookFrescoFbcore130Library UP-TO-DATE
:react-native-filesystem-v1:prepareComFacebookFrescoFresco130Library UP-TO-DATE
:react-native-filesystem-v1:prepareComFacebookFrescoImagepipeline130Library UP-TO-DATE
:react-native-filesystem-v1:prepareComFacebookFrescoImagepipelineBase130Library UP-TO-DATE
:react-native-filesystem-v1:prepareComFacebookFrescoImagepipelineOkhttp3130Library UP-TO-DATE
:react-native-filesystem-v1:prepareComFacebookReactReactNative0504Library UP-TO-DATE
:react-native-filesystem-v1:prepareComFacebookSoloaderSoloader010Library UP-TO-DATE
:react-native-filesystem-v1:prepareOrgWebkitAndroidJscR174650Library UP-TO-DATE
:react-native-filesystem-v1:prepareReleaseDependencies
:react-native-filesystem-v1:compileReleaseAidl UP-TO-DATE
:react-native-filesystem-v1:compileReleaseNdk UP-TO-DATE
:react-native-filesystem-v1:compileLint UP-TO-DATE
:react-native-filesystem-v1:copyReleaseLint UP-TO-DATE
:react-native-filesystem-v1:compileReleaseRenderscript UP-TO-DATE
:react-native-filesystem-v1:generateReleaseBuildConfig UP-TO-DATE
:react-native-filesystem-v1:generateReleaseResValues UP-TO-DATE
:react-native-filesystem-v1:generateReleaseResources UP-TO-DATE
:react-native-filesystem-v1:mergeReleaseResources UP-TO-DATE
:react-native-filesystem-v1:processReleaseManifest UP-TO-DATE
:react-native-filesystem-v1:processReleaseResources UP-TO-DATE
:react-native-filesystem-v1:generateReleaseSources UP-TO-DATE
:react-native-filesystem-v1:incrementalReleaseJavaCompilationSafeguard UP-TO-DATE
:react-native-filesystem-v1:compileReleaseJavaWithJavac UP-TO-DATE
:react-native-filesystem-v1:extractReleaseAnnotations UP-TO-DATE
:react-native-filesystem-v1:mergeReleaseShaders UP-TO-DATE
:react-native-filesystem-v1:compileReleaseShaders UP-TO-DATE
:react-native-filesystem-v1:generateReleaseAssets UP-TO-DATE
:react-native-filesystem-v1:mergeReleaseAssets UP-TO-DATE
:react-native-filesystem-v1:mergeReleaseProguardFiles UP-TO-DATE
:react-native-filesystem-v1:packageReleaseRenderscript UP-TO-DATE
:react-native-filesystem-v1:packageReleaseResources UP-TO-DATE
:react-native-filesystem-v1:processReleaseJavaRes UP-TO-DATE
:react-native-filesystem-v1:transformResourcesWithMergeJavaResForRelease UP-TO-DATE
:react-native-filesystem-v1:transformClassesAndResourcesWithSyncLibJarsForRelease UP-TO-DATE
:react-native-filesystem-v1:mergeReleaseJniLibFolders UP-TO-DATE
:react-native-filesystem-v1:transformNative_libsWithMergeJniLibsForRelease UP-TO-DATE
:react-native-filesystem-v1:transformNative_libsWithSyncJniLibsForRelease UP-TO-DATE
:react-native-filesystem-v1:bundleRelease UP-TO-DATE
:app:prepareComAndroidSupportAppcompatV72301Library UP-TO-DATE
:app:prepareComAndroidSupportSupportV42301Library UP-TO-DATE
:app:prepareComFacebookFbuiTextlayoutbuilderTextlayoutbuilder100Library UP-TO-DATE
:app:prepareComFacebookFrescoDrawee130Library UP-TO-DATE
:app:prepareComFacebookFrescoFbcore130Library UP-TO-DATE
:app:prepareComFacebookFrescoFresco130Library UP-TO-DATE
:app:prepareComFacebookFrescoImagepipeline130Library UP-TO-DATE
:app:prepareComFacebookFrescoImagepipelineBase130Library UP-TO-DATE
:app:prepareComFacebookFrescoImagepipelineOkhttp3130Library UP-TO-DATE
:app:prepareComFacebookReactReactNative0504Library UP-TO-DATE
:app:prepareComFacebookSoloaderSoloader010Library UP-TO-DATE
:app:prepareGreatScouttReactNativeFilesystemV1UnspecifiedLibrary UP-TO-DATE
:app:prepareOrgWebkitAndroidJscR174650Library UP-TO-DATE
:app:prepareDebugDependencies
:app:compileDebugAidl UP-TO-DATE
:app:compileDebugRenderscript UP-TO-DATE
:app:generateDebugBuildConfig UP-TO-DATE
:app:mergeDebugShaders UP-TO-DATE
:app:compileDebugShaders UP-TO-DATE
:app:generateDebugAssets UP-TO-DATE
:app:mergeDebugAssets UP-TO-DATE
:app:generateDebugResValues UP-TO-DATE
:app:generateDebugResources UP-TO-DATE
:app:mergeDebugResources UP-TO-DATE
:app:bundleDebugJsAndAssets
Scanning folders for symlinks in /root/great-scoutt/node_modules (5ms)
Scanning folders for symlinks in /root/great-scoutt/node_modules (5ms)
Loading dependency graph, done.
warning: the transform cache was reset.
bundle: start
bundle: finish
bundle: Writing bundle output to: /root/great-scoutt/android/app/build/intermediates/assets/debug/index.android.bundle
bundle: Copying 5 asset files
bundle: Done writing bundle output
bundle: Done copying assets
:app:processDebugManifest UP-TO-DATE
:app:processDebugResources UP-TO-DATE
:app:generateDebugSources UP-TO-DATE
:app:incrementalDebugJavaCompilationSafeguard UP-TO-DATE
:app:compileDebugJavaWithJavac UP-TO-DATE
:app:compileDebugNdk UP-TO-DATE
:app:compileDebugSources UP-TO-DATE
:app:transformClassesWithDexForDebug UP-TO-DATE
:app:mergeDebugJniLibFolders UP-TO-DATE
:app:transformNative_libsWithMergeJniLibsForDebug UP-TO-DATE
:app:processDebugJavaRes UP-TO-DATE
:app:transformResourcesWithMergeJavaResForDebug UP-TO-DATE
:app:validateSigningDebug
:app:packageDebug
:app:assembleDebug
:react-native-filesystem-v1:checkDebugManifest
:react-native-filesystem-v1:prepareDebugDependencies
:react-native-filesystem-v1:compileDebugAidl UP-TO-DATE
:react-native-filesystem-v1:compileDebugNdk UP-TO-DATE
:react-native-filesystem-v1:copyDebugLint UP-TO-DATE
:react-native-filesystem-v1:compileDebugRenderscript UP-TO-DATE
:react-native-filesystem-v1:generateDebugBuildConfig UP-TO-DATE
:react-native-filesystem-v1:generateDebugResValues UP-TO-DATE
:react-native-filesystem-v1:generateDebugResources UP-TO-DATE
:react-native-filesystem-v1:mergeDebugResources UP-TO-DATE
:react-native-filesystem-v1:processDebugManifest UP-TO-DATE
:react-native-filesystem-v1:processDebugResources UP-TO-DATE
:react-native-filesystem-v1:generateDebugSources UP-TO-DATE
:react-native-filesystem-v1:incrementalDebugJavaCompilationSafeguard UP-TO-DATE
:react-native-filesystem-v1:compileDebugJavaWithJavac UP-TO-DATE
:react-native-filesystem-v1:extractDebugAnnotations UP-TO-DATE
:react-native-filesystem-v1:mergeDebugShaders UP-TO-DATE
:react-native-filesystem-v1:compileDebugShaders UP-TO-DATE
:react-native-filesystem-v1:generateDebugAssets UP-TO-DATE
:react-native-filesystem-v1:mergeDebugAssets UP-TO-DATE
:react-native-filesystem-v1:mergeDebugProguardFiles UP-TO-DATE
:react-native-filesystem-v1:packageDebugRenderscript UP-TO-DATE
:react-native-filesystem-v1:packageDebugResources UP-TO-DATE
:react-native-filesystem-v1:processDebugJavaRes UP-TO-DATE
:react-native-filesystem-v1:transformResourcesWithMergeJavaResForDebug UP-TO-DATE
:react-native-filesystem-v1:transformClassesAndResourcesWithSyncLibJarsForDebug UP-TO-DATE
:react-native-filesystem-v1:mergeDebugJniLibFolders UP-TO-DATE
:react-native-filesystem-v1:transformNative_libsWithMergeJniLibsForDebug UP-TO-DATE
:react-native-filesystem-v1:transformNative_libsWithSyncJniLibsForDebug UP-TO-DATE
:react-native-filesystem-v1:bundleDebug UP-TO-DATE
:react-native-filesystem-v1:compileDebugSources UP-TO-DATE
:react-native-filesystem-v1:assembleDebug UP-TO-DATE

BUILD SUCCESSFUL

Total time: 42.226 secs

This build could be faster, please consider using the Gradle Daemon: https://docs.gradle.org/2.14.1/userguide/gradle_daemon.html

> GreatScoutt@0.3.12 build:android:rename /root/great-scoutt
> rm -rf build/ && mkdir build && cd build && mkdir android && cd .. && mv android/app/build/outputs/apk/app-debug.apk build/android/great-scoutt.apk

[33m[nodemon] 1.13.3[39m
[33m[nodemon] to restart at any time, enter `rs`[39m
[33m[nodemon] watching: *.*[39m
[32m[nodemon] starting `node node server.js`[39m
[31m[nodemon] app crashed - waiting for file changes before starting...[39m
First, rewinding head to replay your work on top of it...
Applying: change build scripts to work on linux
yarn install v1.3.2
[1/4] Resolving packages...
success Already up-to-date.
Done in 0.74s.
yarn link v1.3.2
success Using linked module for "react-native-filesystem-v1".
Done in 0.08s.

> GreatScoutt@0.4.0 build:android /root/great-scoutt
> cd android && ./gradlew assembleDebug && npm run build:android:rename

Incremental java compilation is an incubating feature.
:app:preBuild UP-TO-DATE
:app:preDebugBuild UP-TO-DATE
:app:checkDebugManifest
:app:preReleaseBuild UP-TO-DATE
:react-native-filesystem-v1:preBuild UP-TO-DATE
:react-native-filesystem-v1:preReleaseBuild UP-TO-DATE
:react-native-filesystem-v1:checkReleaseManifest
:react-native-filesystem-v1:preDebugAndroidTestBuild UP-TO-DATE
:react-native-filesystem-v1:preDebugBuild UP-TO-DATE
:react-native-filesystem-v1:preDebugUnitTestBuild UP-TO-DATE
:react-native-filesystem-v1:preReleaseUnitTestBuild UP-TO-DATE
:react-native-filesystem-v1:prepareComAndroidSupportAppcompatV72301Library UP-TO-DATE
:react-native-filesystem-v1:prepareComAndroidSupportSupportV42301Library UP-TO-DATE
:react-native-filesystem-v1:prepareComFacebookFbuiTextlayoutbuilderTextlayoutbuilder100Library UP-TO-DATE
:react-native-filesystem-v1:prepareComFacebookFrescoDrawee130Library UP-TO-DATE
:react-native-filesystem-v1:prepareComFacebookFrescoFbcore130Library UP-TO-DATE
:react-native-filesystem-v1:prepareComFacebookFrescoFresco130Library UP-TO-DATE
:react-native-filesystem-v1:prepareComFacebookFrescoImagepipeline130Library UP-TO-DATE
:react-native-filesystem-v1:prepareComFacebookFrescoImagepipelineBase130Library UP-TO-DATE
:react-native-filesystem-v1:prepareComFacebookFrescoImagepipelineOkhttp3130Library UP-TO-DATE
:react-native-filesystem-v1:prepareComFacebookReactReactNative0504Library UP-TO-DATE
:react-native-filesystem-v1:prepareComFacebookSoloaderSoloader010Library UP-TO-DATE
:react-native-filesystem-v1:prepareOrgWebkitAndroidJscR174650Library UP-TO-DATE
:react-native-filesystem-v1:prepareReleaseDependencies
:react-native-filesystem-v1:compileReleaseAidl UP-TO-DATE
:react-native-filesystem-v1:compileReleaseNdk UP-TO-DATE
:react-native-filesystem-v1:compileLint UP-TO-DATE
:react-native-filesystem-v1:copyReleaseLint UP-TO-DATE
:react-native-filesystem-v1:compileReleaseRenderscript UP-TO-DATE
:react-native-filesystem-v1:generateReleaseBuildConfig UP-TO-DATE
:react-native-filesystem-v1:generateReleaseResValues UP-TO-DATE
:react-native-filesystem-v1:generateReleaseResources UP-TO-DATE
:react-native-filesystem-v1:mergeReleaseResources UP-TO-DATE
:react-native-filesystem-v1:processReleaseManifest UP-TO-DATE
:react-native-filesystem-v1:processReleaseResources UP-TO-DATE
:react-native-filesystem-v1:generateReleaseSources UP-TO-DATE
:react-native-filesystem-v1:incrementalReleaseJavaCompilationSafeguard UP-TO-DATE
:react-native-filesystem-v1:compileReleaseJavaWithJavac UP-TO-DATE
:react-native-filesystem-v1:extractReleaseAnnotations UP-TO-DATE
:react-native-filesystem-v1:mergeReleaseShaders UP-TO-DATE
:react-native-filesystem-v1:compileReleaseShaders UP-TO-DATE
:react-native-filesystem-v1:generateReleaseAssets UP-TO-DATE
:react-native-filesystem-v1:mergeReleaseAssets UP-TO-DATE
:react-native-filesystem-v1:mergeReleaseProguardFiles UP-TO-DATE
:react-native-filesystem-v1:packageReleaseRenderscript UP-TO-DATE
:react-native-filesystem-v1:packageReleaseResources UP-TO-DATE
:react-native-filesystem-v1:processReleaseJavaRes UP-TO-DATE
:react-native-filesystem-v1:transformResourcesWithMergeJavaResForRelease UP-TO-DATE
:react-native-filesystem-v1:transformClassesAndResourcesWithSyncLibJarsForRelease UP-TO-DATE
:react-native-filesystem-v1:mergeReleaseJniLibFolders UP-TO-DATE
:react-native-filesystem-v1:transformNative_libsWithMergeJniLibsForRelease UP-TO-DATE
:react-native-filesystem-v1:transformNative_libsWithSyncJniLibsForRelease UP-TO-DATE
:react-native-filesystem-v1:bundleRelease UP-TO-DATE
:app:prepareComAndroidSupportAppcompatV72301Library UP-TO-DATE
:app:prepareComAndroidSupportSupportV42301Library UP-TO-DATE
:app:prepareComFacebookFbuiTextlayoutbuilderTextlayoutbuilder100Library UP-TO-DATE
:app:prepareComFacebookFrescoDrawee130Library UP-TO-DATE
:app:prepareComFacebookFrescoFbcore130Library UP-TO-DATE
:app:prepareComFacebookFrescoFresco130Library UP-TO-DATE
:app:prepareComFacebookFrescoImagepipeline130Library UP-TO-DATE
:app:prepareComFacebookFrescoImagepipelineBase130Library UP-TO-DATE
:app:prepareComFacebookFrescoImagepipelineOkhttp3130Library UP-TO-DATE
:app:prepareComFacebookReactReactNative0504Library UP-TO-DATE
:app:prepareComFacebookSoloaderSoloader010Library UP-TO-DATE
:app:prepareGreatScouttReactNativeFilesystemV1UnspecifiedLibrary UP-TO-DATE
:app:prepareOrgWebkitAndroidJscR174650Library UP-TO-DATE
:app:prepareDebugDependencies
:app:compileDebugAidl UP-TO-DATE
:app:compileDebugRenderscript UP-TO-DATE
:app:generateDebugBuildConfig UP-TO-DATE
:app:mergeDebugShaders UP-TO-DATE
:app:compileDebugShaders UP-TO-DATE
:app:generateDebugAssets UP-TO-DATE
:app:mergeDebugAssets UP-TO-DATE
:app:generateDebugResValues UP-TO-DATE
:app:generateDebugResources UP-TO-DATE
:app:mergeDebugResources UP-TO-DATE
:app:bundleDebugJsAndAssets
Scanning folders for symlinks in /root/great-scoutt/node_modules (6ms)
Scanning folders for symlinks in /root/great-scoutt/node_modules (5ms)
Loading dependency graph, done.
warning: the transform cache was reset.
bundle: start
bundle: finish
bundle: Writing bundle output to: /root/great-scoutt/android/app/build/intermediates/assets/debug/index.android.bundle
bundle: Copying 5 asset files
bundle: Done writing bundle output
bundle: Done copying assets
:app:processDebugManifest UP-TO-DATE
:app:processDebugResources UP-TO-DATE
:app:generateDebugSources UP-TO-DATE
:app:incrementalDebugJavaCompilationSafeguard UP-TO-DATE
:app:compileDebugJavaWithJavac UP-TO-DATE
:app:compileDebugNdk UP-TO-DATE
:app:compileDebugSources UP-TO-DATE
:app:transformClassesWithDexForDebug UP-TO-DATE
:app:mergeDebugJniLibFolders UP-TO-DATE
:app:transformNative_libsWithMergeJniLibsForDebug UP-TO-DATE
:app:processDebugJavaRes UP-TO-DATE
:app:transformResourcesWithMergeJavaResForDebug UP-TO-DATE
:app:validateSigningDebug
:app:packageDebug
:app:assembleDebug
:react-native-filesystem-v1:checkDebugManifest
:react-native-filesystem-v1:prepareDebugDependencies
:react-native-filesystem-v1:compileDebugAidl UP-TO-DATE
:react-native-filesystem-v1:compileDebugNdk UP-TO-DATE
:react-native-filesystem-v1:copyDebugLint UP-TO-DATE
:react-native-filesystem-v1:compileDebugRenderscript UP-TO-DATE
:react-native-filesystem-v1:generateDebugBuildConfig UP-TO-DATE
:react-native-filesystem-v1:generateDebugResValues UP-TO-DATE
:react-native-filesystem-v1:generateDebugResources UP-TO-DATE
:react-native-filesystem-v1:mergeDebugResources UP-TO-DATE
:react-native-filesystem-v1:processDebugManifest UP-TO-DATE
:react-native-filesystem-v1:processDebugResources UP-TO-DATE
:react-native-filesystem-v1:generateDebugSources UP-TO-DATE
:react-native-filesystem-v1:incrementalDebugJavaCompilationSafeguard UP-TO-DATE
:react-native-filesystem-v1:compileDebugJavaWithJavac UP-TO-DATE
:react-native-filesystem-v1:extractDebugAnnotations UP-TO-DATE
:react-native-filesystem-v1:mergeDebugShaders UP-TO-DATE
:react-native-filesystem-v1:compileDebugShaders UP-TO-DATE
:react-native-filesystem-v1:generateDebugAssets UP-TO-DATE
:react-native-filesystem-v1:mergeDebugAssets UP-TO-DATE
:react-native-filesystem-v1:mergeDebugProguardFiles UP-TO-DATE
:react-native-filesystem-v1:packageDebugRenderscript UP-TO-DATE
:react-native-filesystem-v1:packageDebugResources UP-TO-DATE
:react-native-filesystem-v1:processDebugJavaRes UP-TO-DATE
:react-native-filesystem-v1:transformResourcesWithMergeJavaResForDebug UP-TO-DATE
:react-native-filesystem-v1:transformClassesAndResourcesWithSyncLibJarsForDebug UP-TO-DATE
:react-native-filesystem-v1:mergeDebugJniLibFolders UP-TO-DATE
:react-native-filesystem-v1:transformNative_libsWithMergeJniLibsForDebug UP-TO-DATE
:react-native-filesystem-v1:transformNative_libsWithSyncJniLibsForDebug UP-TO-DATE
:react-native-filesystem-v1:bundleDebug UP-TO-DATE
:react-native-filesystem-v1:compileDebugSources UP-TO-DATE
:react-native-filesystem-v1:assembleDebug UP-TO-DATE

BUILD SUCCESSFUL

Total time: 46.126 secs

This build could be faster, please consider using the Gradle Daemon: https://docs.gradle.org/2.14.1/userguide/gradle_daemon.html

> GreatScoutt@0.4.0 build:android:rename /root/great-scoutt
> rm -rf build/ && mkdir build && cd build && mkdir android && cd .. && mv android/app/build/outputs/apk/app-debug.apk build/android/great-scoutt.apk

Current branch master is up to date.
yarn install v1.3.2
[1/4] Resolving packages...
success Already up-to-date.
Done in 0.73s.
yarn link v1.3.2
success Using linked module for "react-native-filesystem-v1".
Done in 0.08s.

> GreatScoutt@0.4.0 build:android /root/great-scoutt
> cd android && ./gradlew assembleDebug && npm run build:android:rename

Incremental java compilation is an incubating feature.
:app:preBuild UP-TO-DATE
:app:preDebugBuild UP-TO-DATE
:app:checkDebugManifest
:app:preReleaseBuild UP-TO-DATE
:react-native-filesystem-v1:preBuild UP-TO-DATE
:react-native-filesystem-v1:preReleaseBuild UP-TO-DATE
:react-native-filesystem-v1:checkReleaseManifest
:react-native-filesystem-v1:preDebugAndroidTestBuild UP-TO-DATE
:react-native-filesystem-v1:preDebugBuild UP-TO-DATE
:react-native-filesystem-v1:preDebugUnitTestBuild UP-TO-DATE
:react-native-filesystem-v1:preReleaseUnitTestBuild UP-TO-DATE
:react-native-filesystem-v1:prepareComAndroidSupportAppcompatV72301Library UP-TO-DATE
:react-native-filesystem-v1:prepareComAndroidSupportSupportV42301Library UP-TO-DATE
:react-native-filesystem-v1:prepareComFacebookFbuiTextlayoutbuilderTextlayoutbuilder100Library UP-TO-DATE
:react-native-filesystem-v1:prepareComFacebookFrescoDrawee130Library UP-TO-DATE
:react-native-filesystem-v1:prepareComFacebookFrescoFbcore130Library UP-TO-DATE
:react-native-filesystem-v1:prepareComFacebookFrescoFresco130Library UP-TO-DATE
:react-native-filesystem-v1:prepareComFacebookFrescoImagepipeline130Library UP-TO-DATE
:react-native-filesystem-v1:prepareComFacebookFrescoImagepipelineBase130Library UP-TO-DATE
:react-native-filesystem-v1:prepareComFacebookFrescoImagepipelineOkhttp3130Library UP-TO-DATE
:react-native-filesystem-v1:prepareComFacebookReactReactNative0504Library UP-TO-DATE
:react-native-filesystem-v1:prepareComFacebookSoloaderSoloader010Library UP-TO-DATE
:react-native-filesystem-v1:prepareOrgWebkitAndroidJscR174650Library UP-TO-DATE
:react-native-filesystem-v1:prepareReleaseDependencies
:react-native-filesystem-v1:compileReleaseAidl UP-TO-DATE
:react-native-filesystem-v1:compileReleaseNdk UP-TO-DATE
:react-native-filesystem-v1:compileLint UP-TO-DATE
:react-native-filesystem-v1:copyReleaseLint UP-TO-DATE
:react-native-filesystem-v1:compileReleaseRenderscript UP-TO-DATE
:react-native-filesystem-v1:generateReleaseBuildConfig UP-TO-DATE
:react-native-filesystem-v1:generateReleaseResValues UP-TO-DATE
:react-native-filesystem-v1:generateReleaseResources UP-TO-DATE
:react-native-filesystem-v1:mergeReleaseResources UP-TO-DATE
:react-native-filesystem-v1:processReleaseManifest UP-TO-DATE
:react-native-filesystem-v1:processReleaseResources UP-TO-DATE
:react-native-filesystem-v1:generateReleaseSources UP-TO-DATE
:react-native-filesystem-v1:incrementalReleaseJavaCompilationSafeguard UP-TO-DATE
:react-native-filesystem-v1:compileReleaseJavaWithJavac UP-TO-DATE
:react-native-filesystem-v1:extractReleaseAnnotations UP-TO-DATE
:react-native-filesystem-v1:mergeReleaseShaders UP-TO-DATE
:react-native-filesystem-v1:compileReleaseShaders UP-TO-DATE
:react-native-filesystem-v1:generateReleaseAssets UP-TO-DATE
:react-native-filesystem-v1:mergeReleaseAssets UP-TO-DATE
:react-native-filesystem-v1:mergeReleaseProguardFiles UP-TO-DATE
:react-native-filesystem-v1:packageReleaseRenderscript UP-TO-DATE
:react-native-filesystem-v1:packageReleaseResources UP-TO-DATE
:react-native-filesystem-v1:processReleaseJavaRes UP-TO-DATE
:react-native-filesystem-v1:transformResourcesWithMergeJavaResForRelease UP-TO-DATE
:react-native-filesystem-v1:transformClassesAndResourcesWithSyncLibJarsForRelease UP-TO-DATE
:react-native-filesystem-v1:mergeReleaseJniLibFolders UP-TO-DATE
:react-native-filesystem-v1:transformNative_libsWithMergeJniLibsForRelease UP-TO-DATE
:react-native-filesystem-v1:transformNative_libsWithSyncJniLibsForRelease UP-TO-DATE
:react-native-filesystem-v1:bundleRelease UP-TO-DATE
:app:prepareComAndroidSupportAppcompatV72301Library UP-TO-DATE
:app:prepareComAndroidSupportSupportV42301Library UP-TO-DATE
:app:prepareComFacebookFbuiTextlayoutbuilderTextlayoutbuilder100Library UP-TO-DATE
:app:prepareComFacebookFrescoDrawee130Library UP-TO-DATE
:app:prepareComFacebookFrescoFbcore130Library UP-TO-DATE
:app:prepareComFacebookFrescoFresco130Library UP-TO-DATE
:app:prepareComFacebookFrescoImagepipeline130Library UP-TO-DATE
:app:prepareComFacebookFrescoImagepipelineBase130Library UP-TO-DATE
:app:prepareComFacebookFrescoImagepipelineOkhttp3130Library UP-TO-DATE
:app:prepareComFacebookReactReactNative0504Library UP-TO-DATE
:app:prepareComFacebookSoloaderSoloader010Library UP-TO-DATE
:app:prepareGreatScouttReactNativeFilesystemV1UnspecifiedLibrary UP-TO-DATE
:app:prepareOrgWebkitAndroidJscR174650Library UP-TO-DATE
:app:prepareDebugDependencies
:app:compileDebugAidl UP-TO-DATE
:app:compileDebugRenderscript UP-TO-DATE
:app:generateDebugBuildConfig UP-TO-DATE
:app:mergeDebugShaders UP-TO-DATE
:app:compileDebugShaders UP-TO-DATE
:app:generateDebugAssets UP-TO-DATE
:app:mergeDebugAssets UP-TO-DATE
:app:generateDebugResValues UP-TO-DATE
:app:generateDebugResources UP-TO-DATE
:app:mergeDebugResources UP-TO-DATE
:app:bundleDebugJsAndAssets
Scanning folders for symlinks in /root/great-scoutt/node_modules (5ms)
Scanning folders for symlinks in /root/great-scoutt/node_modules (5ms)
Loading dependency graph, done.
warning: the transform cache was reset.
bundle: start
bundle: finish
bundle: Writing bundle output to: /root/great-scoutt/android/app/build/intermediates/assets/debug/index.android.bundle
bundle: Copying 5 asset files
bundle: Done writing bundle output
bundle: Done copying assets
:app:processDebugManifest UP-TO-DATE
:app:processDebugResources UP-TO-DATE
:app:generateDebugSources UP-TO-DATE
:app:incrementalDebugJavaCompilationSafeguard UP-TO-DATE
:app:compileDebugJavaWithJavac UP-TO-DATE
:app:compileDebugNdk UP-TO-DATE
:app:compileDebugSources UP-TO-DATE
:app:transformClassesWithDexForDebug UP-TO-DATE
:app:mergeDebugJniLibFolders UP-TO-DATE
:app:transformNative_libsWithMergeJniLibsForDebug UP-TO-DATE
:app:processDebugJavaRes UP-TO-DATE
:app:transformResourcesWithMergeJavaResForDebug UP-TO-DATE
:app:validateSigningDebug
:app:packageDebug
:app:assembleDebug
:react-native-filesystem-v1:checkDebugManifest
:react-native-filesystem-v1:prepareDebugDependencies
:react-native-filesystem-v1:compileDebugAidl UP-TO-DATE
:react-native-filesystem-v1:compileDebugNdk UP-TO-DATE
:react-native-filesystem-v1:copyDebugLint UP-TO-DATE
:react-native-filesystem-v1:compileDebugRenderscript UP-TO-DATE
:react-native-filesystem-v1:generateDebugBuildConfig UP-TO-DATE
:react-native-filesystem-v1:generateDebugResValues UP-TO-DATE
:react-native-filesystem-v1:generateDebugResources UP-TO-DATE
:react-native-filesystem-v1:mergeDebugResources UP-TO-DATE
:react-native-filesystem-v1:processDebugManifest UP-TO-DATE
:react-native-filesystem-v1:processDebugResources UP-TO-DATE
:react-native-filesystem-v1:generateDebugSources UP-TO-DATE
:react-native-filesystem-v1:incrementalDebugJavaCompilationSafeguard UP-TO-DATE
:react-native-filesystem-v1:compileDebugJavaWithJavac UP-TO-DATE
:react-native-filesystem-v1:extractDebugAnnotations UP-TO-DATE
:react-native-filesystem-v1:mergeDebugShaders UP-TO-DATE
:react-native-filesystem-v1:compileDebugShaders UP-TO-DATE
:react-native-filesystem-v1:generateDebugAssets UP-TO-DATE
:react-native-filesystem-v1:mergeDebugAssets UP-TO-DATE
:react-native-filesystem-v1:mergeDebugProguardFiles UP-TO-DATE
:react-native-filesystem-v1:packageDebugRenderscript UP-TO-DATE
:react-native-filesystem-v1:packageDebugResources UP-TO-DATE
:react-native-filesystem-v1:processDebugJavaRes UP-TO-DATE
:react-native-filesystem-v1:transformResourcesWithMergeJavaResForDebug UP-TO-DATE
:react-native-filesystem-v1:transformClassesAndResourcesWithSyncLibJarsForDebug UP-TO-DATE
:react-native-filesystem-v1:mergeDebugJniLibFolders UP-TO-DATE
:react-native-filesystem-v1:transformNative_libsWithMergeJniLibsForDebug UP-TO-DATE
:react-native-filesystem-v1:transformNative_libsWithSyncJniLibsForDebug UP-TO-DATE
:react-native-filesystem-v1:bundleDebug UP-TO-DATE
:react-native-filesystem-v1:compileDebugSources UP-TO-DATE
:react-native-filesystem-v1:assembleDebug UP-TO-DATE

BUILD SUCCESSFUL

Total time: 43.142 secs

This build could be faster, please consider using the Gradle Daemon: https://docs.gradle.org/2.14.1/userguide/gradle_daemon.html

> GreatScoutt@0.4.0 build:android:rename /root/great-scoutt
> rm -rf build/ && mkdir build && cd build && mkdir android && cd .. && mv android/app/build/outputs/apk/app-debug.apk build/android/great-scoutt.apk

First, rewinding head to replay your work on top of it...
Applying: change build scripts to work on linux
yarn install v1.3.2
[1/4] Resolving packages...
success Already up-to-date.
Done in 0.74s.
yarn link v1.3.2
success Using linked module for "react-native-filesystem-v1".
Done in 0.08s.

> GreatScoutt@0.4.0 build:android /root/great-scoutt
> cd android && ./gradlew assembleDebug && npm run build:android:rename


BUILD FAILED

Total time: 6.971 secs
Current branch master is up to date.
yarn install v1.3.2
[1/4] Resolving packages...
success Already up-to-date.
Done in 0.75s.
yarn link v1.3.2
success Using linked module for "react-native-filesystem-v1".
Done in 0.08s.

> GreatScoutt@0.4.0 build:android /root/great-scoutt
> cd android && ./gradlew assembleDebug && npm run build:android:rename


BUILD FAILED

Total time: 6.888 secs
Current branch master is up to date.
yarn install v1.3.2
[1/4] Resolving packages...
success Already up-to-date.
Done in 0.73s.
yarn link v1.3.2
success Using linked module for "react-native-filesystem-v1".
Done in 0.08s.

> GreatScoutt@0.4.0 build:android /root/great-scoutt
> cd android && ./gradlew assembleDebug && npm run build:android:rename

Incremental java compilation is an incubating feature.
:app:preBuild UP-TO-DATE
:app:preDebugBuild UP-TO-DATE
:app:checkDebugManifest
:app:preReleaseBuild UP-TO-DATE
:react-native-filesystem-v1:preBuild UP-TO-DATE
:react-native-filesystem-v1:preReleaseBuild UP-TO-DATE
:react-native-filesystem-v1:checkReleaseManifest
:react-native-filesystem-v1:preDebugAndroidTestBuild UP-TO-DATE
:react-native-filesystem-v1:preDebugBuild UP-TO-DATE
:react-native-filesystem-v1:preDebugUnitTestBuild UP-TO-DATE
:react-native-filesystem-v1:preReleaseUnitTestBuild UP-TO-DATE
:react-native-filesystem-v1:prepareComAndroidSupportAppcompatV72301Library UP-TO-DATE
:react-native-filesystem-v1:prepareComAndroidSupportSupportV42301Library UP-TO-DATE
:react-native-filesystem-v1:prepareComFacebookFbuiTextlayoutbuilderTextlayoutbuilder100Library UP-TO-DATE
:react-native-filesystem-v1:prepareComFacebookFrescoDrawee130Library UP-TO-DATE
:react-native-filesystem-v1:prepareComFacebookFrescoFbcore130Library UP-TO-DATE
:react-native-filesystem-v1:prepareComFacebookFrescoFresco130Library UP-TO-DATE
:react-native-filesystem-v1:prepareComFacebookFrescoImagepipeline130Library UP-TO-DATE
:react-native-filesystem-v1:prepareComFacebookFrescoImagepipelineBase130Library UP-TO-DATE
:react-native-filesystem-v1:prepareComFacebookFrescoImagepipelineOkhttp3130Library UP-TO-DATE
:react-native-filesystem-v1:prepareComFacebookReactReactNative0504Library UP-TO-DATE
:react-native-filesystem-v1:prepareComFacebookSoloaderSoloader010Library UP-TO-DATE
:react-native-filesystem-v1:prepareOrgWebkitAndroidJscR174650Library UP-TO-DATE
:react-native-filesystem-v1:prepareReleaseDependencies
:react-native-filesystem-v1:compileReleaseAidl UP-TO-DATE
:react-native-filesystem-v1:compileReleaseNdk UP-TO-DATE
:react-native-filesystem-v1:compileLint UP-TO-DATE
:react-native-filesystem-v1:copyReleaseLint UP-TO-DATE
:react-native-filesystem-v1:compileReleaseRenderscript UP-TO-DATE
:react-native-filesystem-v1:generateReleaseBuildConfig UP-TO-DATE
:react-native-filesystem-v1:generateReleaseResValues UP-TO-DATE
:react-native-filesystem-v1:generateReleaseResources UP-TO-DATE
:react-native-filesystem-v1:mergeReleaseResources UP-TO-DATE
:react-native-filesystem-v1:processReleaseManifest UP-TO-DATE
:react-native-filesystem-v1:processReleaseResources UP-TO-DATE
:react-native-filesystem-v1:generateReleaseSources UP-TO-DATE
:react-native-filesystem-v1:incrementalReleaseJavaCompilationSafeguard UP-TO-DATE
:react-native-filesystem-v1:compileReleaseJavaWithJavac UP-TO-DATE
:react-native-filesystem-v1:extractReleaseAnnotations UP-TO-DATE
:react-native-filesystem-v1:mergeReleaseShaders UP-TO-DATE
:react-native-filesystem-v1:compileReleaseShaders UP-TO-DATE
:react-native-filesystem-v1:generateReleaseAssets UP-TO-DATE
:react-native-filesystem-v1:mergeReleaseAssets UP-TO-DATE
:react-native-filesystem-v1:mergeReleaseProguardFiles UP-TO-DATE
:react-native-filesystem-v1:packageReleaseRenderscript UP-TO-DATE
:react-native-filesystem-v1:packageReleaseResources UP-TO-DATE
:react-native-filesystem-v1:processReleaseJavaRes UP-TO-DATE
:react-native-filesystem-v1:transformResourcesWithMergeJavaResForRelease UP-TO-DATE
:react-native-filesystem-v1:transformClassesAndResourcesWithSyncLibJarsForRelease UP-TO-DATE
:react-native-filesystem-v1:mergeReleaseJniLibFolders UP-TO-DATE
:react-native-filesystem-v1:transformNative_libsWithMergeJniLibsForRelease UP-TO-DATE
:react-native-filesystem-v1:transformNative_libsWithSyncJniLibsForRelease UP-TO-DATE
:react-native-filesystem-v1:bundleRelease UP-TO-DATE
:app:prepareComAndroidSupportAppcompatV72301Library UP-TO-DATE
:app:prepareComAndroidSupportSupportV42301Library UP-TO-DATE
:app:prepareComFacebookFbuiTextlayoutbuilderTextlayoutbuilder100Library UP-TO-DATE
:app:prepareComFacebookFrescoDrawee130Library UP-TO-DATE
:app:prepareComFacebookFrescoFbcore130Library UP-TO-DATE
:app:prepareComFacebookFrescoFresco130Library UP-TO-DATE
:app:prepareComFacebookFrescoImagepipeline130Library UP-TO-DATE
:app:prepareComFacebookFrescoImagepipelineBase130Library UP-TO-DATE
:app:prepareComFacebookFrescoImagepipelineOkhttp3130Library UP-TO-DATE
:app:prepareComFacebookReactReactNative0504Library UP-TO-DATE
:app:prepareComFacebookSoloaderSoloader010Library UP-TO-DATE
:app:prepareGreatScouttReactNativeFilesystemV1UnspecifiedLibrary UP-TO-DATE
:app:prepareOrgWebkitAndroidJscR174650Library UP-TO-DATE
:app:prepareDebugDependencies
:app:compileDebugAidl UP-TO-DATE
:app:compileDebugRenderscript UP-TO-DATE
:app:generateDebugBuildConfig UP-TO-DATE
:app:mergeDebugShaders UP-TO-DATE
:app:compileDebugShaders UP-TO-DATE
:app:generateDebugAssets UP-TO-DATE
:app:mergeDebugAssets UP-TO-DATE
:app:generateDebugResValues UP-TO-DATE
:app:generateDebugResources UP-TO-DATE
:app:mergeDebugResources UP-TO-DATE
:app:bundleDebugJsAndAssets
Scanning folders for symlinks in /root/great-scoutt/node_modules (5ms)
Scanning folders for symlinks in /root/great-scoutt/node_modules (5ms)
Loading dependency graph, done.
warning: the transform cache was reset.
bundle: start
bundle: finish
bundle: Writing bundle output to: /root/great-scoutt/android/app/build/intermediates/assets/debug/index.android.bundle
bundle: Copying 5 asset files
bundle: Done writing bundle output
bundle: Done copying assets
:app:processDebugManifest UP-TO-DATE
:app:processDebugResources UP-TO-DATE
:app:generateDebugSources UP-TO-DATE
:app:incrementalDebugJavaCompilationSafeguard UP-TO-DATE
:app:compileDebugJavaWithJavac UP-TO-DATE
:app:compileDebugNdk UP-TO-DATE
:app:compileDebugSources UP-TO-DATE
:app:transformClassesWithDexForDebug UP-TO-DATE
:app:mergeDebugJniLibFolders UP-TO-DATE
:app:transformNative_libsWithMergeJniLibsForDebug UP-TO-DATE
:app:processDebugJavaRes UP-TO-DATE
:app:transformResourcesWithMergeJavaResForDebug UP-TO-DATE
:app:validateSigningDebug
:app:packageDebug
:app:assembleDebug
:react-native-filesystem-v1:checkDebugManifest
:react-native-filesystem-v1:prepareDebugDependencies
:react-native-filesystem-v1:compileDebugAidl UP-TO-DATE
:react-native-filesystem-v1:compileDebugNdk UP-TO-DATE
:react-native-filesystem-v1:copyDebugLint UP-TO-DATE
:react-native-filesystem-v1:compileDebugRenderscript UP-TO-DATE
:react-native-filesystem-v1:generateDebugBuildConfig UP-TO-DATE
:react-native-filesystem-v1:generateDebugResValues UP-TO-DATE
:react-native-filesystem-v1:generateDebugResources UP-TO-DATE
:react-native-filesystem-v1:mergeDebugResources UP-TO-DATE
:react-native-filesystem-v1:processDebugManifest UP-TO-DATE
:react-native-filesystem-v1:processDebugResources UP-TO-DATE
:react-native-filesystem-v1:generateDebugSources UP-TO-DATE
:react-native-filesystem-v1:incrementalDebugJavaCompilationSafeguard UP-TO-DATE
:react-native-filesystem-v1:compileDebugJavaWithJavac UP-TO-DATE
:react-native-filesystem-v1:extractDebugAnnotations UP-TO-DATE
:react-native-filesystem-v1:mergeDebugShaders UP-TO-DATE
:react-native-filesystem-v1:compileDebugShaders UP-TO-DATE
:react-native-filesystem-v1:generateDebugAssets UP-TO-DATE
:react-native-filesystem-v1:mergeDebugAssets UP-TO-DATE
:react-native-filesystem-v1:mergeDebugProguardFiles UP-TO-DATE
:react-native-filesystem-v1:packageDebugRenderscript UP-TO-DATE
:react-native-filesystem-v1:packageDebugResources UP-TO-DATE
:react-native-filesystem-v1:processDebugJavaRes UP-TO-DATE
:react-native-filesystem-v1:transformResourcesWithMergeJavaResForDebug UP-TO-DATE
:react-native-filesystem-v1:transformClassesAndResourcesWithSyncLibJarsForDebug UP-TO-DATE
:react-native-filesystem-v1:mergeDebugJniLibFolders UP-TO-DATE
:react-native-filesystem-v1:transformNative_libsWithMergeJniLibsForDebug UP-TO-DATE
:react-native-filesystem-v1:transformNative_libsWithSyncJniLibsForDebug UP-TO-DATE
:react-native-filesystem-v1:bundleDebug UP-TO-DATE
:react-native-filesystem-v1:compileDebugSources UP-TO-DATE
:react-native-filesystem-v1:assembleDebug UP-TO-DATE

BUILD SUCCESSFUL

Total time: 42.471 secs

This build could be faster, please consider using the Gradle Daemon: https://docs.gradle.org/2.14.1/userguide/gradle_daemon.html

> GreatScoutt@0.4.0 build:android:rename /root/great-scoutt
> rm -rf build/ && mkdir build && cd build && mkdir android && cd .. && mv android/app/build/outputs/apk/app-debug.apk build/android/great-scoutt.apk

First, rewinding head to replay your work on top of it...
Applying: change build scripts to work on linux
yarn install v1.3.2
[1/4] Resolving packages...
success Already up-to-date.
Done in 0.72s.
yarn link v1.3.2
success Using linked module for "react-native-filesystem-v1".
Done in 0.08s.

> GreatScoutt@0.5.0 build:android /root/great-scoutt
> cd android && ./gradlew assembleDebug && npm run build:android:rename

Incremental java compilation is an incubating feature.
:app:preBuild UP-TO-DATE
:app:preDebugBuild UP-TO-DATE
:app:checkDebugManifest
:app:preReleaseBuild UP-TO-DATE
:react-native-filesystem-v1:preBuild UP-TO-DATE
:react-native-filesystem-v1:preReleaseBuild UP-TO-DATE
:react-native-filesystem-v1:checkReleaseManifest
:react-native-filesystem-v1:preDebugAndroidTestBuild UP-TO-DATE
:react-native-filesystem-v1:preDebugBuild UP-TO-DATE
:react-native-filesystem-v1:preDebugUnitTestBuild UP-TO-DATE
:react-native-filesystem-v1:preReleaseUnitTestBuild UP-TO-DATE
:react-native-filesystem-v1:prepareComAndroidSupportAppcompatV72301Library UP-TO-DATE
:react-native-filesystem-v1:prepareComAndroidSupportSupportV42301Library UP-TO-DATE
:react-native-filesystem-v1:prepareComFacebookFbuiTextlayoutbuilderTextlayoutbuilder100Library UP-TO-DATE
:react-native-filesystem-v1:prepareComFacebookFrescoDrawee130Library UP-TO-DATE
:react-native-filesystem-v1:prepareComFacebookFrescoFbcore130Library UP-TO-DATE
:react-native-filesystem-v1:prepareComFacebookFrescoFresco130Library UP-TO-DATE
:react-native-filesystem-v1:prepareComFacebookFrescoImagepipeline130Library UP-TO-DATE
:react-native-filesystem-v1:prepareComFacebookFrescoImagepipelineBase130Library UP-TO-DATE
:react-native-filesystem-v1:prepareComFacebookFrescoImagepipelineOkhttp3130Library UP-TO-DATE
:react-native-filesystem-v1:prepareComFacebookReactReactNative0504Library UP-TO-DATE
:react-native-filesystem-v1:prepareComFacebookSoloaderSoloader010Library UP-TO-DATE
:react-native-filesystem-v1:prepareOrgWebkitAndroidJscR174650Library UP-TO-DATE
:react-native-filesystem-v1:prepareReleaseDependencies
:react-native-filesystem-v1:compileReleaseAidl UP-TO-DATE
:react-native-filesystem-v1:compileReleaseNdk UP-TO-DATE
:react-native-filesystem-v1:compileLint UP-TO-DATE
:react-native-filesystem-v1:copyReleaseLint UP-TO-DATE
:react-native-filesystem-v1:compileReleaseRenderscript UP-TO-DATE
:react-native-filesystem-v1:generateReleaseBuildConfig UP-TO-DATE
:react-native-filesystem-v1:generateReleaseResValues UP-TO-DATE
:react-native-filesystem-v1:generateReleaseResources UP-TO-DATE
:react-native-filesystem-v1:mergeReleaseResources UP-TO-DATE
:react-native-filesystem-v1:processReleaseManifest UP-TO-DATE
:react-native-filesystem-v1:processReleaseResources UP-TO-DATE
:react-native-filesystem-v1:generateReleaseSources UP-TO-DATE
:react-native-filesystem-v1:incrementalReleaseJavaCompilationSafeguard UP-TO-DATE
:react-native-filesystem-v1:compileReleaseJavaWithJavac UP-TO-DATE
:react-native-filesystem-v1:extractReleaseAnnotations UP-TO-DATE
:react-native-filesystem-v1:mergeReleaseShaders UP-TO-DATE
:react-native-filesystem-v1:compileReleaseShaders UP-TO-DATE
:react-native-filesystem-v1:generateReleaseAssets UP-TO-DATE
:react-native-filesystem-v1:mergeReleaseAssets UP-TO-DATE
:react-native-filesystem-v1:mergeReleaseProguardFiles UP-TO-DATE
:react-native-filesystem-v1:packageReleaseRenderscript UP-TO-DATE
:react-native-filesystem-v1:packageReleaseResources UP-TO-DATE
:react-native-filesystem-v1:processReleaseJavaRes UP-TO-DATE
:react-native-filesystem-v1:transformResourcesWithMergeJavaResForRelease UP-TO-DATE
:react-native-filesystem-v1:transformClassesAndResourcesWithSyncLibJarsForRelease UP-TO-DATE
:react-native-filesystem-v1:mergeReleaseJniLibFolders UP-TO-DATE
:react-native-filesystem-v1:transformNative_libsWithMergeJniLibsForRelease UP-TO-DATE
:react-native-filesystem-v1:transformNative_libsWithSyncJniLibsForRelease UP-TO-DATE
:react-native-filesystem-v1:bundleRelease UP-TO-DATE
:app:prepareComAndroidSupportAppcompatV72301Library UP-TO-DATE
:app:prepareComAndroidSupportSupportV42301Library UP-TO-DATE
:app:prepareComFacebookFbuiTextlayoutbuilderTextlayoutbuilder100Library UP-TO-DATE
:app:prepareComFacebookFrescoDrawee130Library UP-TO-DATE
:app:prepareComFacebookFrescoFbcore130Library UP-TO-DATE
:app:prepareComFacebookFrescoFresco130Library UP-TO-DATE
:app:prepareComFacebookFrescoImagepipeline130Library UP-TO-DATE
:app:prepareComFacebookFrescoImagepipelineBase130Library UP-TO-DATE
:app:prepareComFacebookFrescoImagepipelineOkhttp3130Library UP-TO-DATE
:app:prepareComFacebookReactReactNative0504Library UP-TO-DATE
:app:prepareComFacebookSoloaderSoloader010Library UP-TO-DATE
:app:prepareGreatScouttReactNativeFilesystemV1UnspecifiedLibrary UP-TO-DATE
:app:prepareOrgWebkitAndroidJscR174650Library UP-TO-DATE
:app:prepareDebugDependencies
:app:compileDebugAidl UP-TO-DATE
:app:compileDebugRenderscript UP-TO-DATE
:app:generateDebugBuildConfig UP-TO-DATE
:app:mergeDebugShaders UP-TO-DATE
:app:compileDebugShaders UP-TO-DATE
:app:generateDebugAssets UP-TO-DATE
:app:mergeDebugAssets UP-TO-DATE
:app:generateDebugResValues UP-TO-DATE
:app:generateDebugResources UP-TO-DATE
:app:mergeDebugResources UP-TO-DATE
:app:bundleDebugJsAndAssets
Scanning folders for symlinks in /root/great-scoutt/node_modules (5ms)
Scanning folders for symlinks in /root/great-scoutt/node_modules (5ms)
Loading dependency graph, done.
warning: the transform cache was reset.
bundle: start
bundle: finish
bundle: Writing bundle output to: /root/great-scoutt/android/app/build/intermediates/assets/debug/index.android.bundle
bundle: Copying 5 asset files
bundle: Done writing bundle output
bundle: Done copying assets
:app:processDebugManifest UP-TO-DATE
:app:processDebugResources UP-TO-DATE
:app:generateDebugSources UP-TO-DATE
:app:incrementalDebugJavaCompilationSafeguard UP-TO-DATE
:app:compileDebugJavaWithJavac UP-TO-DATE
:app:compileDebugNdk UP-TO-DATE
:app:compileDebugSources UP-TO-DATE
:app:transformClassesWithDexForDebug UP-TO-DATE
:app:mergeDebugJniLibFolders UP-TO-DATE
:app:transformNative_libsWithMergeJniLibsForDebug UP-TO-DATE
:app:processDebugJavaRes UP-TO-DATE
:app:transformResourcesWithMergeJavaResForDebug UP-TO-DATE
:app:validateSigningDebug
:app:packageDebug
:app:assembleDebug
:react-native-filesystem-v1:checkDebugManifest
:react-native-filesystem-v1:prepareDebugDependencies
:react-native-filesystem-v1:compileDebugAidl UP-TO-DATE
:react-native-filesystem-v1:compileDebugNdk UP-TO-DATE
:react-native-filesystem-v1:copyDebugLint UP-TO-DATE
:react-native-filesystem-v1:compileDebugRenderscript UP-TO-DATE
:react-native-filesystem-v1:generateDebugBuildConfig UP-TO-DATE
:react-native-filesystem-v1:generateDebugResValues UP-TO-DATE
:react-native-filesystem-v1:generateDebugResources UP-TO-DATE
:react-native-filesystem-v1:mergeDebugResources UP-TO-DATE
:react-native-filesystem-v1:processDebugManifest UP-TO-DATE
:react-native-filesystem-v1:processDebugResources UP-TO-DATE
:react-native-filesystem-v1:generateDebugSources UP-TO-DATE
:react-native-filesystem-v1:incrementalDebugJavaCompilationSafeguard UP-TO-DATE
:react-native-filesystem-v1:compileDebugJavaWithJavac UP-TO-DATE
:react-native-filesystem-v1:extractDebugAnnotations UP-TO-DATE
:react-native-filesystem-v1:mergeDebugShaders UP-TO-DATE
:react-native-filesystem-v1:compileDebugShaders UP-TO-DATE
:react-native-filesystem-v1:generateDebugAssets UP-TO-DATE
:react-native-filesystem-v1:mergeDebugAssets UP-TO-DATE
:react-native-filesystem-v1:mergeDebugProguardFiles UP-TO-DATE
:react-native-filesystem-v1:packageDebugRenderscript UP-TO-DATE
:react-native-filesystem-v1:packageDebugResources UP-TO-DATE
:react-native-filesystem-v1:processDebugJavaRes UP-TO-DATE
:react-native-filesystem-v1:transformResourcesWithMergeJavaResForDebug UP-TO-DATE
:react-native-filesystem-v1:transformClassesAndResourcesWithSyncLibJarsForDebug UP-TO-DATE
:react-native-filesystem-v1:mergeDebugJniLibFolders UP-TO-DATE
:react-native-filesystem-v1:transformNative_libsWithMergeJniLibsForDebug UP-TO-DATE
:react-native-filesystem-v1:transformNative_libsWithSyncJniLibsForDebug UP-TO-DATE
:react-native-filesystem-v1:bundleDebug UP-TO-DATE
:react-native-filesystem-v1:compileDebugSources UP-TO-DATE
:react-native-filesystem-v1:assembleDebug UP-TO-DATE

BUILD SUCCESSFUL

Total time: 43.048 secs

This build could be faster, please consider using the Gradle Daemon: https://docs.gradle.org/2.14.1/userguide/gradle_daemon.html

> GreatScoutt@0.5.0 build:android:rename /root/great-scoutt
> rm -rf build/ && mkdir build && cd build && mkdir android && cd .. && mv android/app/build/outputs/apk/app-debug.apk build/android/great-scoutt.apk

